{"/workspaces/ps/client/src/App.tsx": {"path":"/workspaces/ps/client/src/App.tsx","all":false,"statementMap":{"0":{"start":{"line":1,"column":0},"end":{"line":1,"column":44}},"1":{"start":{"line":2,"column":0},"end":{"line":2,"column":60}},"2":{"start":{"line":3,"column":0},"end":{"line":3,"column":46}},"3":{"start":{"line":4,"column":0},"end":{"line":4,"column":46}},"4":{"start":{"line":5,"column":0},"end":{"line":5,"column":43}},"5":{"start":{"line":6,"column":0},"end":{"line":6,"column":49}},"6":{"start":{"line":7,"column":0},"end":{"line":7,"column":53}},"7":{"start":{"line":8,"column":0},"end":{"line":8,"column":43}},"8":{"start":{"line":9,"column":0},"end":{"line":9,"column":47}},"9":{"start":{"line":10,"column":0},"end":{"line":10,"column":46}},"10":{"start":{"line":11,"column":0},"end":{"line":11,"column":34}},"11":{"start":{"line":12,"column":0},"end":{"line":12,"column":28}},"12":{"start":{"line":13,"column":0},"end":{"line":13,"column":27}},"13":{"start":{"line":14,"column":0},"end":{"line":14,"column":0}},"14":{"start":{"line":15,"column":0},"end":{"line":15,"column":51}},"15":{"start":{"line":16,"column":0},"end":{"line":16,"column":54}},"16":{"start":{"line":17,"column":0},"end":{"line":17,"column":47}},"17":{"start":{"line":18,"column":0},"end":{"line":18,"column":0}},"18":{"start":{"line":19,"column":0},"end":{"line":19,"column":19}},"19":{"start":{"line":20,"column":0},"end":{"line":20,"column":21}},"20":{"start":{"line":21,"column":0},"end":{"line":21,"column":33}},"21":{"start":{"line":22,"column":0},"end":{"line":22,"column":17}},"22":{"start":{"line":23,"column":0},"end":{"line":23,"column":24}},"23":{"start":{"line":24,"column":0},"end":{"line":24,"column":38}},"24":{"start":{"line":25,"column":0},"end":{"line":25,"column":15}},"25":{"start":{"line":26,"column":0},"end":{"line":26,"column":0}},"26":{"start":{"line":27,"column":0},"end":{"line":27,"column":16}},"27":{"start":{"line":28,"column":0},"end":{"line":28,"column":89}},"28":{"start":{"line":29,"column":0},"end":{"line":29,"column":3}},"29":{"start":{"line":30,"column":0},"end":{"line":30,"column":0}},"30":{"start":{"line":31,"column":0},"end":{"line":31,"column":14}},"31":{"start":{"line":32,"column":0},"end":{"line":32,"column":93}},"32":{"start":{"line":33,"column":0},"end":{"line":33,"column":3}},"33":{"start":{"line":34,"column":0},"end":{"line":34,"column":0}},"34":{"start":{"line":35,"column":0},"end":{"line":35,"column":33}},"35":{"start":{"line":36,"column":0},"end":{"line":36,"column":44}},"36":{"start":{"line":37,"column":0},"end":{"line":37,"column":3}},"37":{"start":{"line":38,"column":0},"end":{"line":38,"column":0}},"38":{"start":{"line":39,"column":0},"end":{"line":39,"column":28}},"39":{"start":{"line":40,"column":0},"end":{"line":40,"column":39}},"40":{"start":{"line":41,"column":0},"end":{"line":41,"column":3}},"41":{"start":{"line":42,"column":0},"end":{"line":42,"column":0}},"42":{"start":{"line":43,"column":0},"end":{"line":43,"column":40}},"43":{"start":{"line":44,"column":0},"end":{"line":44,"column":1}},"44":{"start":{"line":45,"column":0},"end":{"line":45,"column":0}},"45":{"start":{"line":46,"column":0},"end":{"line":46,"column":23}},"46":{"start":{"line":47,"column":0},"end":{"line":47,"column":10}},"47":{"start":{"line":48,"column":0},"end":{"line":48,"column":75}},"48":{"start":{"line":49,"column":0},"end":{"line":49,"column":88}},"49":{"start":{"line":50,"column":0},"end":{"line":50,"column":10}},"50":{"start":{"line":51,"column":0},"end":{"line":51,"column":4}},"51":{"start":{"line":52,"column":0},"end":{"line":52,"column":1}},"52":{"start":{"line":53,"column":0},"end":{"line":53,"column":0}},"53":{"start":{"line":54,"column":0},"end":{"line":54,"column":31}},"54":{"start":{"line":55,"column":0},"end":{"line":55,"column":56}},"55":{"start":{"line":56,"column":0},"end":{"line":56,"column":46}},"56":{"start":{"line":57,"column":0},"end":{"line":57,"column":54}},"57":{"start":{"line":58,"column":0},"end":{"line":58,"column":0}},"58":{"start":{"line":59,"column":0},"end":{"line":59,"column":19}},"59":{"start":{"line":60,"column":0},"end":{"line":60,"column":16}},"60":{"start":{"line":61,"column":0},"end":{"line":61,"column":18}},"61":{"start":{"line":62,"column":0},"end":{"line":62,"column":0}},"62":{"start":{"line":63,"column":0},"end":{"line":63,"column":19}},"63":{"start":{"line":64,"column":0},"end":{"line":64,"column":38}},"64":{"start":{"line":65,"column":0},"end":{"line":65,"column":49}},"65":{"start":{"line":66,"column":0},"end":{"line":66,"column":50}},"66":{"start":{"line":67,"column":0},"end":{"line":67,"column":7}},"67":{"start":{"line":68,"column":0},"end":{"line":68,"column":23}},"68":{"start":{"line":69,"column":0},"end":{"line":69,"column":9}},"69":{"start":{"line":70,"column":0},"end":{"line":70,"column":0}},"70":{"start":{"line":71,"column":0},"end":{"line":71,"column":19}},"71":{"start":{"line":72,"column":0},"end":{"line":72,"column":49}},"72":{"start":{"line":73,"column":0},"end":{"line":73,"column":54}},"73":{"start":{"line":74,"column":0},"end":{"line":74,"column":27}},"74":{"start":{"line":75,"column":0},"end":{"line":75,"column":28}},"75":{"start":{"line":76,"column":0},"end":{"line":76,"column":7}},"76":{"start":{"line":77,"column":0},"end":{"line":77,"column":45}},"77":{"start":{"line":78,"column":0},"end":{"line":78,"column":29}},"78":{"start":{"line":79,"column":0},"end":{"line":79,"column":7}},"79":{"start":{"line":80,"column":0},"end":{"line":80,"column":6}},"80":{"start":{"line":81,"column":0},"end":{"line":81,"column":54}},"81":{"start":{"line":82,"column":0},"end":{"line":82,"column":70}},"82":{"start":{"line":83,"column":0},"end":{"line":83,"column":19}},"83":{"start":{"line":84,"column":0},"end":{"line":84,"column":0}},"84":{"start":{"line":85,"column":0},"end":{"line":85,"column":10}},"85":{"start":{"line":86,"column":0},"end":{"line":86,"column":71}},"86":{"start":{"line":87,"column":0},"end":{"line":87,"column":90}},"87":{"start":{"line":88,"column":0},"end":{"line":88,"column":50}},"88":{"start":{"line":89,"column":0},"end":{"line":89,"column":16}},"89":{"start":{"line":90,"column":0},"end":{"line":90,"column":53}},"90":{"start":{"line":91,"column":0},"end":{"line":91,"column":66}},"91":{"start":{"line":92,"column":0},"end":{"line":92,"column":17}},"92":{"start":{"line":93,"column":0},"end":{"line":93,"column":13}},"93":{"start":{"line":94,"column":0},"end":{"line":94,"column":74}},"94":{"start":{"line":95,"column":0},"end":{"line":95,"column":10}},"95":{"start":{"line":96,"column":0},"end":{"line":96,"column":4}},"96":{"start":{"line":97,"column":0},"end":{"line":97,"column":1}},"97":{"start":{"line":98,"column":0},"end":{"line":98,"column":0}},"98":{"start":{"line":99,"column":0},"end":{"line":99,"column":28}},"99":{"start":{"line":100,"column":0},"end":{"line":100,"column":45}},"100":{"start":{"line":101,"column":0},"end":{"line":101,"column":23}},"101":{"start":{"line":102,"column":0},"end":{"line":102,"column":34}},"102":{"start":{"line":103,"column":0},"end":{"line":103,"column":1}}},"s":{"0":1,"1":1,"2":1,"3":1,"4":1,"5":1,"6":1,"7":1,"8":1,"9":1,"10":1,"11":1,"12":1,"13":1,"14":5,"15":5,"16":5,"17":5,"18":5,"19":3,"20":3,"21":2,"22":2,"23":3,"24":5,"25":5,"26":5,"27":3,"28":3,"29":2,"30":5,"31":1,"32":1,"33":1,"34":5,"35":0,"36":0,"37":1,"38":5,"39":0,"40":0,"41":1,"42":1,"43":1,"44":1,"45":3,"46":3,"47":3,"48":3,"49":3,"50":3,"51":3,"52":1,"53":6,"54":6,"55":6,"56":6,"57":6,"58":6,"59":6,"60":6,"61":6,"62":6,"63":6,"64":6,"65":0,"66":0,"67":6,"68":6,"69":6,"70":6,"71":6,"72":0,"73":0,"74":0,"75":0,"76":0,"77":0,"78":0,"79":0,"80":6,"81":6,"82":6,"83":6,"84":6,"85":6,"86":6,"87":6,"88":6,"89":6,"90":6,"91":6,"92":6,"93":6,"94":6,"95":6,"96":6,"97":1,"98":3,"99":3,"100":3,"101":3,"102":3},"branchMap":{"0":{"type":"branch","line":15,"loc":{"start":{"line":15,"column":0},"end":{"line":44,"column":1}},"locations":[{"start":{"line":15,"column":0},"end":{"line":44,"column":1}}]},"1":{"type":"branch","line":27,"loc":{"start":{"line":27,"column":15},"end":{"line":29,"column":3}},"locations":[{"start":{"line":27,"column":15},"end":{"line":29,"column":3}}]},"2":{"type":"branch","line":29,"loc":{"start":{"line":29,"column":2},"end":{"line":31,"column":13}},"locations":[{"start":{"line":29,"column":2},"end":{"line":31,"column":13}}]},"3":{"type":"branch","line":31,"loc":{"start":{"line":31,"column":13},"end":{"line":35,"column":32}},"locations":[{"start":{"line":31,"column":13},"end":{"line":35,"column":32}}]},"4":{"type":"branch","line":35,"loc":{"start":{"line":35,"column":32},"end":{"line":37,"column":3}},"locations":[{"start":{"line":35,"column":32},"end":{"line":37,"column":3}}]},"5":{"type":"branch","line":37,"loc":{"start":{"line":37,"column":2},"end":{"line":39,"column":27}},"locations":[{"start":{"line":37,"column":2},"end":{"line":39,"column":27}}]},"6":{"type":"branch","line":39,"loc":{"start":{"line":39,"column":27},"end":{"line":41,"column":3}},"locations":[{"start":{"line":39,"column":27},"end":{"line":41,"column":3}}]},"7":{"type":"branch","line":41,"loc":{"start":{"line":41,"column":2},"end":{"line":44,"column":1}},"locations":[{"start":{"line":41,"column":2},"end":{"line":44,"column":1}}]},"8":{"type":"branch","line":19,"loc":{"start":{"line":19,"column":12},"end":{"line":25,"column":5}},"locations":[{"start":{"line":19,"column":12},"end":{"line":25,"column":5}}]},"9":{"type":"branch","line":21,"loc":{"start":{"line":21,"column":27},"end":{"line":24,"column":5}},"locations":[{"start":{"line":21,"column":27},"end":{"line":24,"column":5}}]},"10":{"type":"branch","line":46,"loc":{"start":{"line":46,"column":0},"end":{"line":52,"column":1}},"locations":[{"start":{"line":46,"column":0},"end":{"line":52,"column":1}}]},"11":{"type":"branch","line":54,"loc":{"start":{"line":54,"column":0},"end":{"line":97,"column":1}},"locations":[{"start":{"line":54,"column":0},"end":{"line":97,"column":1}}]},"12":{"type":"branch","line":59,"loc":{"start":{"line":59,"column":12},"end":{"line":61,"column":5}},"locations":[{"start":{"line":59,"column":12},"end":{"line":61,"column":5}}]},"13":{"type":"branch","line":63,"loc":{"start":{"line":63,"column":12},"end":{"line":69,"column":5}},"locations":[{"start":{"line":63,"column":12},"end":{"line":69,"column":5}}]},"14":{"type":"branch","line":64,"loc":{"start":{"line":64,"column":22},"end":{"line":68,"column":5}},"locations":[{"start":{"line":64,"column":22},"end":{"line":68,"column":5}}]},"15":{"type":"branch","line":65,"loc":{"start":{"line":65,"column":10},"end":{"line":65,"column":48}},"locations":[{"start":{"line":65,"column":10},"end":{"line":65,"column":48}}]},"16":{"type":"branch","line":65,"loc":{"start":{"line":65,"column":48},"end":{"line":67,"column":7}},"locations":[{"start":{"line":65,"column":48},"end":{"line":67,"column":7}}]},"17":{"type":"branch","line":71,"loc":{"start":{"line":71,"column":12},"end":{"line":83,"column":5}},"locations":[{"start":{"line":71,"column":12},"end":{"line":83,"column":5}}]},"18":{"type":"branch","line":82,"loc":{"start":{"line":82,"column":11},"end":{"line":82,"column":70}},"locations":[{"start":{"line":82,"column":11},"end":{"line":82,"column":70}}]},"19":{"type":"branch","line":99,"loc":{"start":{"line":99,"column":0},"end":{"line":103,"column":1}},"locations":[{"start":{"line":99,"column":0},"end":{"line":103,"column":1}}]},"20":{"type":"branch","line":101,"loc":{"start":{"line":101,"column":11},"end":{"line":101,"column":23}},"locations":[{"start":{"line":101,"column":11},"end":{"line":101,"column":23}}]}},"b":{"0":[5],"1":[3],"2":[2],"3":[1],"4":[0],"5":[1],"6":[0],"7":[1],"8":[3],"9":[2],"10":[3],"11":[6],"12":[6],"13":[6],"14":[6],"15":[0],"16":[0],"17":[6],"18":[6],"19":[3],"20":[0]},"fnMap":{"0":{"name":"PageView","decl":{"start":{"line":15,"column":0},"end":{"line":44,"column":1}},"loc":{"start":{"line":15,"column":0},"end":{"line":44,"column":1}},"line":15},"1":{"name":"EmptyState","decl":{"start":{"line":46,"column":0},"end":{"line":52,"column":1}},"loc":{"start":{"line":46,"column":0},"end":{"line":52,"column":1}},"line":46},"2":{"name":"App","decl":{"start":{"line":54,"column":0},"end":{"line":97,"column":1}},"loc":{"start":{"line":54,"column":0},"end":{"line":97,"column":1}},"line":54},"3":{"name":"handleKeyDown","decl":{"start":{"line":72,"column":26},"end":{"line":80,"column":6}},"loc":{"start":{"line":72,"column":26},"end":{"line":80,"column":6}},"line":72},"4":{"name":"onSearchOpen","decl":{"start":{"line":87,"column":61},"end":{"line":87,"column":88}},"loc":{"start":{"line":87,"column":61},"end":{"line":87,"column":88}},"line":87},"5":{"name":"onClose","decl":{"start":{"line":94,"column":44},"end":{"line":94,"column":72}},"loc":{"start":{"line":94,"column":44},"end":{"line":94,"column":72}},"line":94},"6":{"name":"PageViewWrapper","decl":{"start":{"line":99,"column":0},"end":{"line":103,"column":1}},"loc":{"start":{"line":99,"column":0},"end":{"line":103,"column":1}},"line":99}},"f":{"0":5,"1":3,"2":6,"3":0,"4":0,"5":0,"6":3}}
,"/workspaces/ps/client/src/api.ts": {"path":"/workspaces/ps/client/src/api.ts","all":false,"statementMap":{"0":{"start":{"line":1,"column":0},"end":{"line":1,"column":24}},"1":{"start":{"line":2,"column":0},"end":{"line":2,"column":0}},"2":{"start":{"line":3,"column":0},"end":{"line":3,"column":23}},"3":{"start":{"line":4,"column":0},"end":{"line":4,"column":13}},"4":{"start":{"line":5,"column":0},"end":{"line":5,"column":27}},"5":{"start":{"line":6,"column":0},"end":{"line":6,"column":16}},"6":{"start":{"line":7,"column":0},"end":{"line":7,"column":15}},"7":{"start":{"line":8,"column":0},"end":{"line":8,"column":36}},"8":{"start":{"line":9,"column":0},"end":{"line":9,"column":15}},"9":{"start":{"line":10,"column":0},"end":{"line":10,"column":21}},"10":{"start":{"line":11,"column":0},"end":{"line":11,"column":21}},"11":{"start":{"line":12,"column":0},"end":{"line":12,"column":19}},"12":{"start":{"line":13,"column":0},"end":{"line":13,"column":1}},"13":{"start":{"line":14,"column":0},"end":{"line":14,"column":0}},"14":{"start":{"line":15,"column":0},"end":{"line":15,"column":53}},"15":{"start":{"line":16,"column":0},"end":{"line":16,"column":47}},"16":{"start":{"line":17,"column":0},"end":{"line":17,"column":56}},"17":{"start":{"line":18,"column":0},"end":{"line":18,"column":20}},"18":{"start":{"line":19,"column":0},"end":{"line":19,"column":1}},"19":{"start":{"line":20,"column":0},"end":{"line":20,"column":0}},"20":{"start":{"line":21,"column":0},"end":{"line":21,"column":60}},"21":{"start":{"line":22,"column":0},"end":{"line":22,"column":53}},"22":{"start":{"line":23,"column":0},"end":{"line":23,"column":55}},"23":{"start":{"line":24,"column":0},"end":{"line":24,"column":20}},"24":{"start":{"line":25,"column":0},"end":{"line":25,"column":1}},"25":{"start":{"line":26,"column":0},"end":{"line":26,"column":0}},"26":{"start":{"line":27,"column":0},"end":{"line":27,"column":125}},"27":{"start":{"line":28,"column":0},"end":{"line":28,"column":48}},"28":{"start":{"line":29,"column":0},"end":{"line":29,"column":19}},"29":{"start":{"line":30,"column":0},"end":{"line":30,"column":52}},"30":{"start":{"line":31,"column":0},"end":{"line":31,"column":31}},"31":{"start":{"line":32,"column":0},"end":{"line":32,"column":5}},"32":{"start":{"line":33,"column":0},"end":{"line":33,"column":56}},"33":{"start":{"line":34,"column":0},"end":{"line":34,"column":20}},"34":{"start":{"line":35,"column":0},"end":{"line":35,"column":1}},"35":{"start":{"line":36,"column":0},"end":{"line":36,"column":0}},"36":{"start":{"line":37,"column":0},"end":{"line":37,"column":117}},"37":{"start":{"line":38,"column":0},"end":{"line":38,"column":54}},"38":{"start":{"line":39,"column":0},"end":{"line":39,"column":18}},"39":{"start":{"line":40,"column":0},"end":{"line":40,"column":52}},"40":{"start":{"line":41,"column":0},"end":{"line":41,"column":31}},"41":{"start":{"line":42,"column":0},"end":{"line":42,"column":5}},"42":{"start":{"line":43,"column":0},"end":{"line":43,"column":56}},"43":{"start":{"line":44,"column":0},"end":{"line":44,"column":20}},"44":{"start":{"line":45,"column":0},"end":{"line":45,"column":1}},"45":{"start":{"line":46,"column":0},"end":{"line":46,"column":0}},"46":{"start":{"line":47,"column":0},"end":{"line":47,"column":61}},"47":{"start":{"line":48,"column":0},"end":{"line":48,"column":54}},"48":{"start":{"line":49,"column":0},"end":{"line":49,"column":21}},"49":{"start":{"line":50,"column":0},"end":{"line":50,"column":5}},"50":{"start":{"line":51,"column":0},"end":{"line":51,"column":56}},"51":{"start":{"line":52,"column":0},"end":{"line":52,"column":1}},"52":{"start":{"line":53,"column":0},"end":{"line":53,"column":0}},"53":{"start":{"line":54,"column":0},"end":{"line":54,"column":35}},"54":{"start":{"line":55,"column":0},"end":{"line":55,"column":13}},"55":{"start":{"line":56,"column":0},"end":{"line":56,"column":22}},"56":{"start":{"line":57,"column":0},"end":{"line":57,"column":15}},"57":{"start":{"line":58,"column":0},"end":{"line":58,"column":84}},"58":{"start":{"line":59,"column":0},"end":{"line":59,"column":19}},"59":{"start":{"line":60,"column":0},"end":{"line":60,"column":58}},"60":{"start":{"line":61,"column":0},"end":{"line":61,"column":21}},"61":{"start":{"line":62,"column":0},"end":{"line":62,"column":1}},"62":{"start":{"line":63,"column":0},"end":{"line":63,"column":0}},"63":{"start":{"line":64,"column":0},"end":{"line":64,"column":30}},"64":{"start":{"line":65,"column":0},"end":{"line":65,"column":13}},"65":{"start":{"line":66,"column":0},"end":{"line":66,"column":22}},"66":{"start":{"line":67,"column":0},"end":{"line":67,"column":16}},"67":{"start":{"line":68,"column":0},"end":{"line":68,"column":19}},"68":{"start":{"line":69,"column":0},"end":{"line":69,"column":21}},"69":{"start":{"line":70,"column":0},"end":{"line":70,"column":21}},"70":{"start":{"line":71,"column":0},"end":{"line":71,"column":1}},"71":{"start":{"line":72,"column":0},"end":{"line":72,"column":0}},"72":{"start":{"line":73,"column":0},"end":{"line":73,"column":31}},"73":{"start":{"line":74,"column":0},"end":{"line":74,"column":13}},"74":{"start":{"line":75,"column":0},"end":{"line":75,"column":33}},"75":{"start":{"line":76,"column":0},"end":{"line":76,"column":22}},"76":{"start":{"line":77,"column":0},"end":{"line":77,"column":56}},"77":{"start":{"line":78,"column":0},"end":{"line":78,"column":1}},"78":{"start":{"line":79,"column":0},"end":{"line":79,"column":0}},"79":{"start":{"line":80,"column":0},"end":{"line":80,"column":72}},"80":{"start":{"line":81,"column":0},"end":{"line":81,"column":57}},"81":{"start":{"line":82,"column":0},"end":{"line":82,"column":59}},"82":{"start":{"line":83,"column":0},"end":{"line":83,"column":20}},"83":{"start":{"line":84,"column":0},"end":{"line":84,"column":1}},"84":{"start":{"line":85,"column":0},"end":{"line":85,"column":0}},"85":{"start":{"line":86,"column":0},"end":{"line":86,"column":137}},"86":{"start":{"line":87,"column":0},"end":{"line":87,"column":77}},"87":{"start":{"line":88,"column":0},"end":{"line":88,"column":19}},"88":{"start":{"line":89,"column":0},"end":{"line":89,"column":52}},"89":{"start":{"line":90,"column":0},"end":{"line":90,"column":31}},"90":{"start":{"line":91,"column":0},"end":{"line":91,"column":5}},"91":{"start":{"line":92,"column":0},"end":{"line":92,"column":57}},"92":{"start":{"line":93,"column":0},"end":{"line":93,"column":20}},"93":{"start":{"line":94,"column":0},"end":{"line":94,"column":1}},"94":{"start":{"line":95,"column":0},"end":{"line":95,"column":0}},"95":{"start":{"line":96,"column":0},"end":{"line":96,"column":119}},"96":{"start":{"line":97,"column":0},"end":{"line":97,"column":59}},"97":{"start":{"line":98,"column":0},"end":{"line":98,"column":18}},"98":{"start":{"line":99,"column":0},"end":{"line":99,"column":52}},"99":{"start":{"line":100,"column":0},"end":{"line":100,"column":31}},"100":{"start":{"line":101,"column":0},"end":{"line":101,"column":5}},"101":{"start":{"line":102,"column":0},"end":{"line":102,"column":60}},"102":{"start":{"line":103,"column":0},"end":{"line":103,"column":20}},"103":{"start":{"line":104,"column":0},"end":{"line":104,"column":1}},"104":{"start":{"line":105,"column":0},"end":{"line":105,"column":0}},"105":{"start":{"line":106,"column":0},"end":{"line":106,"column":65}},"106":{"start":{"line":107,"column":0},"end":{"line":107,"column":59}},"107":{"start":{"line":108,"column":0},"end":{"line":108,"column":21}},"108":{"start":{"line":109,"column":0},"end":{"line":109,"column":5}},"109":{"start":{"line":110,"column":0},"end":{"line":110,"column":60}},"110":{"start":{"line":111,"column":0},"end":{"line":111,"column":1}},"111":{"start":{"line":112,"column":0},"end":{"line":112,"column":0}},"112":{"start":{"line":113,"column":0},"end":{"line":113,"column":99}},"113":{"start":{"line":114,"column":0},"end":{"line":114,"column":71}},"114":{"start":{"line":115,"column":0},"end":{"line":115,"column":19}},"115":{"start":{"line":116,"column":0},"end":{"line":116,"column":52}},"116":{"start":{"line":117,"column":0},"end":{"line":117,"column":37}},"117":{"start":{"line":118,"column":0},"end":{"line":118,"column":5}},"118":{"start":{"line":119,"column":0},"end":{"line":119,"column":52}},"119":{"start":{"line":120,"column":0},"end":{"line":120,"column":20}},"120":{"start":{"line":121,"column":0},"end":{"line":121,"column":1}},"121":{"start":{"line":122,"column":0},"end":{"line":122,"column":0}},"122":{"start":{"line":123,"column":0},"end":{"line":123,"column":93}},"123":{"start":{"line":124,"column":0},"end":{"line":124,"column":53}},"124":{"start":{"line":125,"column":0},"end":{"line":125,"column":18}},"125":{"start":{"line":126,"column":0},"end":{"line":126,"column":52}},"126":{"start":{"line":127,"column":0},"end":{"line":127,"column":31}},"127":{"start":{"line":128,"column":0},"end":{"line":128,"column":5}},"128":{"start":{"line":129,"column":0},"end":{"line":129,"column":55}},"129":{"start":{"line":130,"column":0},"end":{"line":130,"column":20}},"130":{"start":{"line":131,"column":0},"end":{"line":131,"column":1}},"131":{"start":{"line":132,"column":0},"end":{"line":132,"column":0}},"132":{"start":{"line":133,"column":0},"end":{"line":133,"column":60}},"133":{"start":{"line":134,"column":0},"end":{"line":134,"column":53}},"134":{"start":{"line":135,"column":0},"end":{"line":135,"column":21}},"135":{"start":{"line":136,"column":0},"end":{"line":136,"column":5}},"136":{"start":{"line":137,"column":0},"end":{"line":137,"column":55}},"137":{"start":{"line":138,"column":0},"end":{"line":138,"column":1}},"138":{"start":{"line":139,"column":0},"end":{"line":139,"column":0}},"139":{"start":{"line":140,"column":0},"end":{"line":140,"column":73}},"140":{"start":{"line":141,"column":0},"end":{"line":141,"column":54}},"141":{"start":{"line":142,"column":0},"end":{"line":142,"column":18}},"142":{"start":{"line":143,"column":0},"end":{"line":143,"column":52}},"143":{"start":{"line":144,"column":0},"end":{"line":144,"column":36}},"144":{"start":{"line":145,"column":0},"end":{"line":145,"column":5}},"145":{"start":{"line":146,"column":0},"end":{"line":146,"column":56}},"146":{"start":{"line":147,"column":0},"end":{"line":147,"column":1}},"147":{"start":{"line":148,"column":0},"end":{"line":148,"column":0}},"148":{"start":{"line":149,"column":0},"end":{"line":149,"column":108}},"149":{"start":{"line":150,"column":0},"end":{"line":150,"column":62}},"150":{"start":{"line":151,"column":0},"end":{"line":151,"column":18}},"151":{"start":{"line":152,"column":0},"end":{"line":152,"column":52}},"152":{"start":{"line":153,"column":0},"end":{"line":153,"column":32}},"153":{"start":{"line":154,"column":0},"end":{"line":154,"column":5}},"154":{"start":{"line":155,"column":0},"end":{"line":155,"column":63}},"155":{"start":{"line":156,"column":0},"end":{"line":156,"column":1}},"156":{"start":{"line":157,"column":0},"end":{"line":157,"column":0}},"157":{"start":{"line":158,"column":0},"end":{"line":158,"column":25}},"158":{"start":{"line":159,"column":0},"end":{"line":159,"column":21}},"159":{"start":{"line":160,"column":0},"end":{"line":160,"column":19}},"160":{"start":{"line":161,"column":0},"end":{"line":161,"column":13}},"161":{"start":{"line":162,"column":0},"end":{"line":162,"column":1}},"162":{"start":{"line":163,"column":0},"end":{"line":163,"column":0}},"163":{"start":{"line":164,"column":0},"end":{"line":164,"column":23}},"164":{"start":{"line":165,"column":0},"end":{"line":165,"column":21}},"165":{"start":{"line":166,"column":0},"end":{"line":166,"column":28}},"166":{"start":{"line":167,"column":0},"end":{"line":167,"column":1}},"167":{"start":{"line":168,"column":0},"end":{"line":168,"column":0}},"168":{"start":{"line":169,"column":0},"end":{"line":169,"column":31}},"169":{"start":{"line":170,"column":0},"end":{"line":170,"column":20}},"170":{"start":{"line":171,"column":0},"end":{"line":171,"column":20}},"171":{"start":{"line":172,"column":0},"end":{"line":172,"column":25}},"172":{"start":{"line":173,"column":0},"end":{"line":173,"column":1}},"173":{"start":{"line":174,"column":0},"end":{"line":174,"column":0}},"174":{"start":{"line":175,"column":0},"end":{"line":175,"column":108}},"175":{"start":{"line":176,"column":0},"end":{"line":176,"column":71}},"176":{"start":{"line":177,"column":0},"end":{"line":177,"column":64}},"177":{"start":{"line":178,"column":0},"end":{"line":178,"column":20}},"178":{"start":{"line":179,"column":0},"end":{"line":179,"column":1}},"179":{"start":{"line":180,"column":0},"end":{"line":180,"column":0}},"180":{"start":{"line":181,"column":0},"end":{"line":181,"column":117}},"181":{"start":{"line":182,"column":0},"end":{"line":182,"column":84}},"182":{"start":{"line":183,"column":0},"end":{"line":183,"column":18}},"183":{"start":{"line":184,"column":0},"end":{"line":184,"column":52}},"184":{"start":{"line":185,"column":0},"end":{"line":185,"column":35}},"185":{"start":{"line":186,"column":0},"end":{"line":186,"column":5}},"186":{"start":{"line":187,"column":0},"end":{"line":187,"column":63}},"187":{"start":{"line":188,"column":0},"end":{"line":188,"column":1}},"188":{"start":{"line":189,"column":0},"end":{"line":189,"column":0}},"189":{"start":{"line":190,"column":0},"end":{"line":190,"column":31}},"190":{"start":{"line":191,"column":0},"end":{"line":191,"column":13}},"191":{"start":{"line":192,"column":0},"end":{"line":192,"column":16}},"192":{"start":{"line":193,"column":0},"end":{"line":193,"column":15}},"193":{"start":{"line":194,"column":0},"end":{"line":194,"column":36}},"194":{"start":{"line":195,"column":0},"end":{"line":195,"column":1}},"195":{"start":{"line":196,"column":0},"end":{"line":196,"column":0}},"196":{"start":{"line":197,"column":0},"end":{"line":197,"column":66}},"197":{"start":{"line":198,"column":0},"end":{"line":198,"column":75}},"198":{"start":{"line":199,"column":0},"end":{"line":199,"column":51}},"199":{"start":{"line":200,"column":0},"end":{"line":200,"column":20}},"200":{"start":{"line":201,"column":0},"end":{"line":201,"column":1}},"201":{"start":{"line":202,"column":0},"end":{"line":202,"column":0}},"202":{"start":{"line":203,"column":0},"end":{"line":203,"column":53}},"203":{"start":{"line":204,"column":0},"end":{"line":204,"column":47}},"204":{"start":{"line":205,"column":0},"end":{"line":205,"column":56}},"205":{"start":{"line":206,"column":0},"end":{"line":206,"column":32}},"206":{"start":{"line":207,"column":0},"end":{"line":207,"column":20}},"207":{"start":{"line":208,"column":0},"end":{"line":208,"column":1}},"208":{"start":{"line":209,"column":0},"end":{"line":209,"column":0}},"209":{"start":{"line":210,"column":0},"end":{"line":210,"column":63}},"210":{"start":{"line":211,"column":0},"end":{"line":211,"column":48}},"211":{"start":{"line":212,"column":0},"end":{"line":212,"column":18}},"212":{"start":{"line":213,"column":0},"end":{"line":213,"column":52}},"213":{"start":{"line":214,"column":0},"end":{"line":214,"column":36}},"214":{"start":{"line":215,"column":0},"end":{"line":215,"column":5}},"215":{"start":{"line":216,"column":0},"end":{"line":216,"column":55}},"216":{"start":{"line":217,"column":0},"end":{"line":217,"column":1}}},"s":{"0":1,"1":1,"2":1,"3":1,"4":1,"5":1,"6":1,"7":1,"8":1,"9":1,"10":1,"11":1,"12":1,"13":1,"14":2,"15":2,"16":2,"17":1,"18":1,"19":1,"20":4,"21":4,"22":4,"23":2,"24":2,"25":1,"26":3,"27":3,"28":3,"29":3,"30":3,"31":3,"32":3,"33":2,"34":2,"35":1,"36":4,"37":4,"38":4,"39":4,"40":4,"41":4,"42":4,"43":2,"44":2,"45":1,"46":3,"47":3,"48":3,"49":3,"50":3,"51":3,"52":1,"53":1,"54":1,"55":1,"56":1,"57":1,"58":1,"59":1,"60":1,"61":1,"62":1,"63":1,"64":1,"65":1,"66":1,"67":1,"68":1,"69":1,"70":1,"71":1,"72":1,"73":1,"74":1,"75":1,"76":1,"77":1,"78":1,"79":2,"80":2,"81":2,"82":1,"83":1,"84":1,"85":2,"86":2,"87":2,"88":2,"89":2,"90":2,"91":2,"92":1,"93":1,"94":1,"95":2,"96":2,"97":2,"98":2,"99":2,"100":2,"101":2,"102":1,"103":1,"104":1,"105":2,"106":2,"107":2,"108":2,"109":2,"110":2,"111":1,"112":2,"113":2,"114":2,"115":2,"116":2,"117":2,"118":2,"119":1,"120":1,"121":1,"122":2,"123":2,"124":2,"125":2,"126":2,"127":2,"128":2,"129":1,"130":1,"131":1,"132":2,"133":2,"134":2,"135":2,"136":2,"137":2,"138":1,"139":2,"140":2,"141":2,"142":2,"143":2,"144":2,"145":2,"146":2,"147":1,"148":2,"149":2,"150":2,"151":2,"152":2,"153":2,"154":2,"155":2,"156":1,"157":1,"158":1,"159":1,"160":1,"161":1,"162":1,"163":1,"164":1,"165":1,"166":1,"167":1,"168":1,"169":1,"170":1,"171":1,"172":1,"173":1,"174":2,"175":2,"176":2,"177":1,"178":1,"179":1,"180":2,"181":2,"182":2,"183":2,"184":2,"185":2,"186":2,"187":2,"188":1,"189":1,"190":1,"191":1,"192":1,"193":1,"194":1,"195":1,"196":2,"197":2,"198":2,"199":1,"200":1,"201":1,"202":2,"203":2,"204":2,"205":1,"206":1,"207":1,"208":1,"209":2,"210":2,"211":2,"212":2,"213":2,"214":2,"215":2,"216":2},"branchMap":{"0":{"type":"branch","line":15,"loc":{"start":{"line":15,"column":0},"end":{"line":19,"column":1}},"locations":[{"start":{"line":15,"column":0},"end":{"line":19,"column":1}}]},"1":{"type":"branch","line":17,"loc":{"start":{"line":17,"column":15},"end":{"line":19,"column":1}},"locations":[{"start":{"line":17,"column":15},"end":{"line":19,"column":1}}]},"2":{"type":"branch","line":21,"loc":{"start":{"line":21,"column":0},"end":{"line":25,"column":1}},"locations":[{"start":{"line":21,"column":0},"end":{"line":25,"column":1}}]},"3":{"type":"branch","line":23,"loc":{"start":{"line":23,"column":15},"end":{"line":25,"column":1}},"locations":[{"start":{"line":23,"column":15},"end":{"line":25,"column":1}}]},"4":{"type":"branch","line":27,"loc":{"start":{"line":27,"column":0},"end":{"line":35,"column":1}},"locations":[{"start":{"line":27,"column":0},"end":{"line":35,"column":1}}]},"5":{"type":"branch","line":33,"loc":{"start":{"line":33,"column":15},"end":{"line":35,"column":1}},"locations":[{"start":{"line":33,"column":15},"end":{"line":35,"column":1}}]},"6":{"type":"branch","line":33,"loc":{"start":{"line":33,"column":15},"end":{"line":33,"column":56}},"locations":[{"start":{"line":33,"column":15},"end":{"line":33,"column":56}}]},"7":{"type":"branch","line":37,"loc":{"start":{"line":37,"column":0},"end":{"line":45,"column":1}},"locations":[{"start":{"line":37,"column":0},"end":{"line":45,"column":1}}]},"8":{"type":"branch","line":43,"loc":{"start":{"line":43,"column":15},"end":{"line":45,"column":1}},"locations":[{"start":{"line":43,"column":15},"end":{"line":45,"column":1}}]},"9":{"type":"branch","line":47,"loc":{"start":{"line":47,"column":0},"end":{"line":52,"column":1}},"locations":[{"start":{"line":47,"column":0},"end":{"line":52,"column":1}}]},"10":{"type":"branch","line":51,"loc":{"start":{"line":51,"column":15},"end":{"line":51,"column":56}},"locations":[{"start":{"line":51,"column":15},"end":{"line":51,"column":56}}]},"11":{"type":"branch","line":80,"loc":{"start":{"line":80,"column":0},"end":{"line":84,"column":1}},"locations":[{"start":{"line":80,"column":0},"end":{"line":84,"column":1}}]},"12":{"type":"branch","line":82,"loc":{"start":{"line":82,"column":15},"end":{"line":84,"column":1}},"locations":[{"start":{"line":82,"column":15},"end":{"line":84,"column":1}}]},"13":{"type":"branch","line":86,"loc":{"start":{"line":86,"column":0},"end":{"line":94,"column":1}},"locations":[{"start":{"line":86,"column":0},"end":{"line":94,"column":1}}]},"14":{"type":"branch","line":92,"loc":{"start":{"line":92,"column":15},"end":{"line":94,"column":1}},"locations":[{"start":{"line":92,"column":15},"end":{"line":94,"column":1}}]},"15":{"type":"branch","line":96,"loc":{"start":{"line":96,"column":0},"end":{"line":104,"column":1}},"locations":[{"start":{"line":96,"column":0},"end":{"line":104,"column":1}}]},"16":{"type":"branch","line":102,"loc":{"start":{"line":102,"column":15},"end":{"line":104,"column":1}},"locations":[{"start":{"line":102,"column":15},"end":{"line":104,"column":1}}]},"17":{"type":"branch","line":106,"loc":{"start":{"line":106,"column":0},"end":{"line":111,"column":1}},"locations":[{"start":{"line":106,"column":0},"end":{"line":111,"column":1}}]},"18":{"type":"branch","line":110,"loc":{"start":{"line":110,"column":15},"end":{"line":110,"column":60}},"locations":[{"start":{"line":110,"column":15},"end":{"line":110,"column":60}}]},"19":{"type":"branch","line":113,"loc":{"start":{"line":113,"column":0},"end":{"line":121,"column":1}},"locations":[{"start":{"line":113,"column":0},"end":{"line":121,"column":1}}]},"20":{"type":"branch","line":119,"loc":{"start":{"line":119,"column":15},"end":{"line":121,"column":1}},"locations":[{"start":{"line":119,"column":15},"end":{"line":121,"column":1}}]},"21":{"type":"branch","line":123,"loc":{"start":{"line":123,"column":0},"end":{"line":131,"column":1}},"locations":[{"start":{"line":123,"column":0},"end":{"line":131,"column":1}}]},"22":{"type":"branch","line":129,"loc":{"start":{"line":129,"column":15},"end":{"line":131,"column":1}},"locations":[{"start":{"line":129,"column":15},"end":{"line":131,"column":1}}]},"23":{"type":"branch","line":133,"loc":{"start":{"line":133,"column":0},"end":{"line":138,"column":1}},"locations":[{"start":{"line":133,"column":0},"end":{"line":138,"column":1}}]},"24":{"type":"branch","line":137,"loc":{"start":{"line":137,"column":15},"end":{"line":137,"column":55}},"locations":[{"start":{"line":137,"column":15},"end":{"line":137,"column":55}}]},"25":{"type":"branch","line":140,"loc":{"start":{"line":140,"column":0},"end":{"line":147,"column":1}},"locations":[{"start":{"line":140,"column":0},"end":{"line":147,"column":1}}]},"26":{"type":"branch","line":146,"loc":{"start":{"line":146,"column":15},"end":{"line":146,"column":56}},"locations":[{"start":{"line":146,"column":15},"end":{"line":146,"column":56}}]},"27":{"type":"branch","line":149,"loc":{"start":{"line":149,"column":0},"end":{"line":156,"column":1}},"locations":[{"start":{"line":149,"column":0},"end":{"line":156,"column":1}}]},"28":{"type":"branch","line":155,"loc":{"start":{"line":155,"column":15},"end":{"line":155,"column":63}},"locations":[{"start":{"line":155,"column":15},"end":{"line":155,"column":63}}]},"29":{"type":"branch","line":175,"loc":{"start":{"line":175,"column":0},"end":{"line":179,"column":1}},"locations":[{"start":{"line":175,"column":0},"end":{"line":179,"column":1}}]},"30":{"type":"branch","line":177,"loc":{"start":{"line":177,"column":15},"end":{"line":179,"column":1}},"locations":[{"start":{"line":177,"column":15},"end":{"line":179,"column":1}}]},"31":{"type":"branch","line":181,"loc":{"start":{"line":181,"column":0},"end":{"line":188,"column":1}},"locations":[{"start":{"line":181,"column":0},"end":{"line":188,"column":1}}]},"32":{"type":"branch","line":187,"loc":{"start":{"line":187,"column":15},"end":{"line":187,"column":63}},"locations":[{"start":{"line":187,"column":15},"end":{"line":187,"column":63}}]},"33":{"type":"branch","line":197,"loc":{"start":{"line":197,"column":0},"end":{"line":201,"column":1}},"locations":[{"start":{"line":197,"column":0},"end":{"line":201,"column":1}}]},"34":{"type":"branch","line":199,"loc":{"start":{"line":199,"column":15},"end":{"line":201,"column":1}},"locations":[{"start":{"line":199,"column":15},"end":{"line":201,"column":1}}]},"35":{"type":"branch","line":203,"loc":{"start":{"line":203,"column":0},"end":{"line":208,"column":1}},"locations":[{"start":{"line":203,"column":0},"end":{"line":208,"column":1}}]},"36":{"type":"branch","line":205,"loc":{"start":{"line":205,"column":15},"end":{"line":208,"column":1}},"locations":[{"start":{"line":205,"column":15},"end":{"line":208,"column":1}}]},"37":{"type":"branch","line":210,"loc":{"start":{"line":210,"column":0},"end":{"line":217,"column":1}},"locations":[{"start":{"line":210,"column":0},"end":{"line":217,"column":1}}]},"38":{"type":"branch","line":216,"loc":{"start":{"line":216,"column":15},"end":{"line":216,"column":55}},"locations":[{"start":{"line":216,"column":15},"end":{"line":216,"column":55}}]}},"b":{"0":[2],"1":[1],"2":[4],"3":[2],"4":[3],"5":[2],"6":[1],"7":[4],"8":[2],"9":[3],"10":[1],"11":[2],"12":[1],"13":[2],"14":[1],"15":[2],"16":[1],"17":[2],"18":[1],"19":[2],"20":[1],"21":[2],"22":[1],"23":[2],"24":[1],"25":[2],"26":[1],"27":[2],"28":[1],"29":[2],"30":[1],"31":[2],"32":[1],"33":[2],"34":[1],"35":[2],"36":[1],"37":[2],"38":[1]},"fnMap":{"0":{"name":"fetchPages","decl":{"start":{"line":15,"column":0},"end":{"line":19,"column":1}},"loc":{"start":{"line":15,"column":0},"end":{"line":19,"column":1}},"line":15},"1":{"name":"fetchPage","decl":{"start":{"line":21,"column":0},"end":{"line":25,"column":1}},"loc":{"start":{"line":21,"column":0},"end":{"line":25,"column":1}},"line":21},"2":{"name":"createPage","decl":{"start":{"line":27,"column":0},"end":{"line":35,"column":1}},"loc":{"start":{"line":27,"column":0},"end":{"line":35,"column":1}},"line":27},"3":{"name":"updatePage","decl":{"start":{"line":37,"column":0},"end":{"line":45,"column":1}},"loc":{"start":{"line":37,"column":0},"end":{"line":45,"column":1}},"line":37},"4":{"name":"deletePage","decl":{"start":{"line":47,"column":0},"end":{"line":52,"column":1}},"loc":{"start":{"line":47,"column":0},"end":{"line":52,"column":1}},"line":47},"5":{"name":"fetchDatabase","decl":{"start":{"line":80,"column":0},"end":{"line":84,"column":1}},"loc":{"start":{"line":80,"column":0},"end":{"line":84,"column":1}},"line":80},"6":{"name":"addProperty","decl":{"start":{"line":86,"column":0},"end":{"line":94,"column":1}},"loc":{"start":{"line":86,"column":0},"end":{"line":94,"column":1}},"line":86},"7":{"name":"updateProperty","decl":{"start":{"line":96,"column":0},"end":{"line":104,"column":1}},"loc":{"start":{"line":96,"column":0},"end":{"line":104,"column":1}},"line":96},"8":{"name":"deleteProperty","decl":{"start":{"line":106,"column":0},"end":{"line":111,"column":1}},"loc":{"start":{"line":106,"column":0},"end":{"line":111,"column":1}},"line":106},"9":{"name":"addRow","decl":{"start":{"line":113,"column":0},"end":{"line":121,"column":1}},"loc":{"start":{"line":113,"column":0},"end":{"line":121,"column":1}},"line":113},"10":{"name":"updateRow","decl":{"start":{"line":123,"column":0},"end":{"line":131,"column":1}},"loc":{"start":{"line":123,"column":0},"end":{"line":131,"column":1}},"line":123},"11":{"name":"deleteRow","decl":{"start":{"line":133,"column":0},"end":{"line":138,"column":1}},"loc":{"start":{"line":133,"column":0},"end":{"line":138,"column":1}},"line":133},"12":{"name":"updateCell","decl":{"start":{"line":140,"column":0},"end":{"line":147,"column":1}},"loc":{"start":{"line":140,"column":0},"end":{"line":147,"column":1}},"line":140},"13":{"name":"batchUpdateCells","decl":{"start":{"line":149,"column":0},"end":{"line":156,"column":1}},"loc":{"start":{"line":149,"column":0},"end":{"line":156,"column":1}},"line":149},"14":{"name":"fetchViewSettings","decl":{"start":{"line":175,"column":0},"end":{"line":179,"column":1}},"loc":{"start":{"line":175,"column":0},"end":{"line":179,"column":1}},"line":175},"15":{"name":"saveViewSettings","decl":{"start":{"line":181,"column":0},"end":{"line":188,"column":1}},"loc":{"start":{"line":181,"column":0},"end":{"line":188,"column":1}},"line":181},"16":{"name":"search","decl":{"start":{"line":197,"column":0},"end":{"line":201,"column":1}},"loc":{"start":{"line":197,"column":0},"end":{"line":201,"column":1}},"line":197},"17":{"name":"fetchTheme","decl":{"start":{"line":203,"column":0},"end":{"line":208,"column":1}},"loc":{"start":{"line":203,"column":0},"end":{"line":208,"column":1}},"line":203},"18":{"name":"saveTheme","decl":{"start":{"line":210,"column":0},"end":{"line":217,"column":1}},"loc":{"start":{"line":210,"column":0},"end":{"line":217,"column":1}},"line":210}},"f":{"0":2,"1":4,"2":3,"3":4,"4":3,"5":2,"6":2,"7":2,"8":2,"9":2,"10":2,"11":2,"12":2,"13":2,"14":2,"15":2,"16":2,"17":2,"18":2}}
,"/workspaces/ps/client/src/main.tsx": {"path":"/workspaces/ps/client/src/main.tsx","all":true,"statementMap":{"0":{"start":{"line":1,"column":0},"end":{"line":1,"column":26}},"1":{"start":{"line":2,"column":0},"end":{"line":2,"column":40}},"2":{"start":{"line":3,"column":0},"end":{"line":3,"column":49}},"3":{"start":{"line":4,"column":0},"end":{"line":4,"column":24}},"4":{"start":{"line":5,"column":0},"end":{"line":5,"column":30}},"5":{"start":{"line":6,"column":0},"end":{"line":6,"column":0}},"6":{"start":{"line":7,"column":0},"end":{"line":7,"column":61}},"7":{"start":{"line":8,"column":0},"end":{"line":8,"column":20}},"8":{"start":{"line":9,"column":0},"end":{"line":9,"column":19}},"9":{"start":{"line":10,"column":0},"end":{"line":10,"column":13}},"10":{"start":{"line":11,"column":0},"end":{"line":11,"column":20}},"11":{"start":{"line":12,"column":0},"end":{"line":12,"column":21}},"12":{"start":{"line":13,"column":0},"end":{"line":13,"column":2}}},"s":{"0":0,"1":0,"2":0,"3":0,"4":0,"5":0,"6":0,"7":0,"8":0,"9":0,"10":0,"11":0,"12":0},"branchMap":{"0":{"type":"branch","line":1,"loc":{"start":{"line":1,"column":337},"end":{"line":13,"column":2}},"locations":[{"start":{"line":1,"column":337},"end":{"line":13,"column":2}}]}},"b":{"0":[0]},"fnMap":{"0":{"name":"(empty-report)","decl":{"start":{"line":1,"column":337},"end":{"line":13,"column":2}},"loc":{"start":{"line":1,"column":337},"end":{"line":13,"column":2}},"line":1}},"f":{"0":0}}
,"/workspaces/ps/client/src/components/AddPageButton.tsx": {"path":"/workspaces/ps/client/src/components/AddPageButton.tsx","all":false,"statementMap":{"0":{"start":{"line":1,"column":0},"end":{"line":1,"column":33}},"1":{"start":{"line":2,"column":0},"end":{"line":2,"column":47}},"2":{"start":{"line":3,"column":0},"end":{"line":3,"column":47}},"3":{"start":{"line":4,"column":0},"end":{"line":4,"column":0}},"4":{"start":{"line":5,"column":0},"end":{"line":5,"column":41}},"5":{"start":{"line":6,"column":0},"end":{"line":6,"column":46}},"6":{"start":{"line":7,"column":0},"end":{"line":7,"column":38}},"7":{"start":{"line":8,"column":0},"end":{"line":8,"column":33}},"8":{"start":{"line":9,"column":0},"end":{"line":9,"column":0}},"9":{"start":{"line":10,"column":0},"end":{"line":10,"column":33}},"10":{"start":{"line":11,"column":0},"end":{"line":11,"column":54}},"11":{"start":{"line":12,"column":0},"end":{"line":12,"column":21}},"12":{"start":{"line":13,"column":0},"end":{"line":13,"column":33}},"13":{"start":{"line":14,"column":0},"end":{"line":14,"column":4}},"14":{"start":{"line":15,"column":0},"end":{"line":15,"column":0}},"15":{"start":{"line":16,"column":0},"end":{"line":16,"column":10}},"16":{"start":{"line":17,"column":0},"end":{"line":17,"column":74}},"17":{"start":{"line":18,"column":0},"end":{"line":18,"column":13}},"18":{"start":{"line":19,"column":0},"end":{"line":19,"column":16}},"19":{"start":{"line":20,"column":0},"end":{"line":20,"column":26}},"20":{"start":{"line":21,"column":0},"end":{"line":21,"column":31}},"21":{"start":{"line":22,"column":0},"end":{"line":22,"column":17}},"22":{"start":{"line":23,"column":0},"end":{"line":23,"column":24}},"23":{"start":{"line":24,"column":0},"end":{"line":24,"column":30}},"24":{"start":{"line":25,"column":0},"end":{"line":25,"column":40}},"25":{"start":{"line":26,"column":0},"end":{"line":26,"column":23}},"26":{"start":{"line":27,"column":0},"end":{"line":27,"column":41}},"27":{"start":{"line":28,"column":0},"end":{"line":28,"column":53}},"28":{"start":{"line":29,"column":0},"end":{"line":29,"column":10}},"29":{"start":{"line":30,"column":0},"end":{"line":30,"column":84}},"30":{"start":{"line":31,"column":0},"end":{"line":31,"column":80}},"31":{"start":{"line":32,"column":0},"end":{"line":32,"column":27}},"32":{"start":{"line":33,"column":0},"end":{"line":33,"column":7}},"33":{"start":{"line":34,"column":0},"end":{"line":34,"column":47}},"34":{"start":{"line":35,"column":0},"end":{"line":35,"column":29}},"35":{"start":{"line":36,"column":0},"end":{"line":36,"column":15}},"36":{"start":{"line":37,"column":0},"end":{"line":37,"column":10}},"37":{"start":{"line":38,"column":0},"end":{"line":38,"column":4}},"38":{"start":{"line":39,"column":0},"end":{"line":39,"column":1}}},"s":{"0":1,"1":1,"2":1,"3":1,"4":8,"5":8,"6":8,"7":8,"8":8,"9":8,"10":0,"11":0,"12":0,"13":0,"14":8,"15":8,"16":8,"17":8,"18":8,"19":8,"20":8,"21":8,"22":8,"23":8,"24":8,"25":8,"26":8,"27":8,"28":8,"29":8,"30":8,"31":8,"32":8,"33":8,"34":8,"35":8,"36":8,"37":8,"38":8},"branchMap":{"0":{"type":"branch","line":5,"loc":{"start":{"line":5,"column":0},"end":{"line":39,"column":1}},"locations":[{"start":{"line":5,"column":0},"end":{"line":39,"column":1}}]}},"b":{"0":[8]},"fnMap":{"0":{"name":"AddPageButton","decl":{"start":{"line":5,"column":0},"end":{"line":39,"column":1}},"loc":{"start":{"line":5,"column":0},"end":{"line":39,"column":1}},"line":5},"1":{"name":"handleAdd","decl":{"start":{"line":10,"column":20},"end":{"line":14,"column":4}},"loc":{"start":{"line":10,"column":20},"end":{"line":14,"column":4}},"line":10},"2":{"name":"onMouseEnter","decl":{"start":{"line":30,"column":22},"end":{"line":30,"column":84}},"loc":{"start":{"line":30,"column":22},"end":{"line":30,"column":84}},"line":30},"3":{"name":"onMouseLeave","decl":{"start":{"line":31,"column":22},"end":{"line":31,"column":80}},"loc":{"start":{"line":31,"column":22},"end":{"line":31,"column":80}},"line":31}},"f":{"0":8,"1":0,"2":0,"3":0}}
,"/workspaces/ps/client/src/components/BoardView.tsx": {"path":"/workspaces/ps/client/src/components/BoardView.tsx","all":false,"statementMap":{"0":{"start":{"line":1,"column":0},"end":{"line":1,"column":33}},"1":{"start":{"line":2,"column":0},"end":{"line":2,"column":60}},"2":{"start":{"line":3,"column":0},"end":{"line":3,"column":0}},"3":{"start":{"line":4,"column":0},"end":{"line":4,"column":26}},"4":{"start":{"line":5,"column":0},"end":{"line":5,"column":33}},"5":{"start":{"line":6,"column":0},"end":{"line":6,"column":22}},"6":{"start":{"line":7,"column":0},"end":{"line":7,"column":56}},"7":{"start":{"line":8,"column":0},"end":{"line":8,"column":25}},"8":{"start":{"line":9,"column":0},"end":{"line":9,"column":55}},"9":{"start":{"line":10,"column":0},"end":{"line":10,"column":72}},"10":{"start":{"line":11,"column":0},"end":{"line":11,"column":1}},"11":{"start":{"line":12,"column":0},"end":{"line":12,"column":0}},"12":{"start":{"line":13,"column":0},"end":{"line":13,"column":47}},"13":{"start":{"line":14,"column":0},"end":{"line":14,"column":18}},"14":{"start":{"line":15,"column":0},"end":{"line":15,"column":19}},"15":{"start":{"line":16,"column":0},"end":{"line":16,"column":20}},"16":{"start":{"line":17,"column":0},"end":{"line":17,"column":20}},"17":{"start":{"line":18,"column":0},"end":{"line":18,"column":19}},"18":{"start":{"line":19,"column":0},"end":{"line":19,"column":18}},"19":{"start":{"line":20,"column":0},"end":{"line":20,"column":20}},"20":{"start":{"line":21,"column":0},"end":{"line":21,"column":18}},"21":{"start":{"line":22,"column":0},"end":{"line":22,"column":17}},"22":{"start":{"line":23,"column":0},"end":{"line":23,"column":2}},"23":{"start":{"line":24,"column":0},"end":{"line":24,"column":0}},"24":{"start":{"line":25,"column":0},"end":{"line":25,"column":120}},"25":{"start":{"line":26,"column":0},"end":{"line":26,"column":66}},"26":{"start":{"line":27,"column":0},"end":{"line":27,"column":0}},"27":{"start":{"line":28,"column":0},"end":{"line":28,"column":71}},"28":{"start":{"line":29,"column":0},"end":{"line":29,"column":74}},"29":{"start":{"line":30,"column":0},"end":{"line":30,"column":0}},"30":{"start":{"line":31,"column":0},"end":{"line":31,"column":46}},"31":{"start":{"line":32,"column":0},"end":{"line":32,"column":24}},"32":{"start":{"line":33,"column":0},"end":{"line":33,"column":4}},"33":{"start":{"line":34,"column":0},"end":{"line":34,"column":0}},"34":{"start":{"line":35,"column":0},"end":{"line":35,"column":50}},"35":{"start":{"line":36,"column":0},"end":{"line":36,"column":39}},"36":{"start":{"line":37,"column":0},"end":{"line":37,"column":53}},"37":{"start":{"line":38,"column":0},"end":{"line":38,"column":23}},"38":{"start":{"line":39,"column":0},"end":{"line":39,"column":4}},"39":{"start":{"line":40,"column":0},"end":{"line":40,"column":0}},"40":{"start":{"line":41,"column":0},"end":{"line":41,"column":38}},"41":{"start":{"line":42,"column":0},"end":{"line":42,"column":12}},"42":{"start":{"line":43,"column":0},"end":{"line":43,"column":19}},"43":{"start":{"line":44,"column":0},"end":{"line":44,"column":20}},"44":{"start":{"line":45,"column":0},"end":{"line":45,"column":28}},"45":{"start":{"line":46,"column":0},"end":{"line":46,"column":39}},"46":{"start":{"line":47,"column":0},"end":{"line":47,"column":42}},"47":{"start":{"line":48,"column":0},"end":{"line":48,"column":24}},"48":{"start":{"line":49,"column":0},"end":{"line":49,"column":42}},"49":{"start":{"line":50,"column":0},"end":{"line":50,"column":9}},"50":{"start":{"line":51,"column":0},"end":{"line":51,"column":47}},"51":{"start":{"line":52,"column":0},"end":{"line":52,"column":12}},"52":{"start":{"line":53,"column":0},"end":{"line":53,"column":6}},"53":{"start":{"line":54,"column":0},"end":{"line":54,"column":3}},"54":{"start":{"line":55,"column":0},"end":{"line":55,"column":0}},"55":{"start":{"line":56,"column":0},"end":{"line":56,"column":34}},"56":{"start":{"line":57,"column":0},"end":{"line":57,"column":43}},"57":{"start":{"line":58,"column":0},"end":{"line":58,"column":97}},"58":{"start":{"line":59,"column":0},"end":{"line":59,"column":49}},"59":{"start":{"line":60,"column":0},"end":{"line":60,"column":8}},"60":{"start":{"line":61,"column":0},"end":{"line":61,"column":31}},"61":{"start":{"line":62,"column":0},"end":{"line":62,"column":0}},"62":{"start":{"line":63,"column":0},"end":{"line":63,"column":40}},"63":{"start":{"line":64,"column":0},"end":{"line":64,"column":24}},"64":{"start":{"line":65,"column":0},"end":{"line":65,"column":61}},"65":{"start":{"line":66,"column":0},"end":{"line":66,"column":63}},"66":{"start":{"line":67,"column":0},"end":{"line":67,"column":8}},"67":{"start":{"line":68,"column":0},"end":{"line":68,"column":9}},"68":{"start":{"line":69,"column":0},"end":{"line":69,"column":0}},"69":{"start":{"line":70,"column":0},"end":{"line":70,"column":37}},"70":{"start":{"line":71,"column":0},"end":{"line":71,"column":96}},"71":{"start":{"line":72,"column":0},"end":{"line":72,"column":14}},"72":{"start":{"line":73,"column":0},"end":{"line":73,"column":0}},"73":{"start":{"line":74,"column":0},"end":{"line":74,"column":10}},"74":{"start":{"line":75,"column":0},"end":{"line":75,"column":9}},"75":{"start":{"line":76,"column":0},"end":{"line":76,"column":87}},"76":{"start":{"line":77,"column":0},"end":{"line":77,"column":89}},"77":{"start":{"line":78,"column":0},"end":{"line":78,"column":19}},"78":{"start":{"line":79,"column":0},"end":{"line":79,"column":16}},"79":{"start":{"line":80,"column":0},"end":{"line":80,"column":15}},"80":{"start":{"line":81,"column":0},"end":{"line":81,"column":31}},"81":{"start":{"line":82,"column":0},"end":{"line":82,"column":65}},"82":{"start":{"line":83,"column":0},"end":{"line":83,"column":18}},"83":{"start":{"line":84,"column":0},"end":{"line":84,"column":32}},"84":{"start":{"line":85,"column":0},"end":{"line":85,"column":28}},"85":{"start":{"line":86,"column":0},"end":{"line":86,"column":46}},"86":{"start":{"line":87,"column":0},"end":{"line":87,"column":36}},"87":{"start":{"line":88,"column":0},"end":{"line":88,"column":29}},"88":{"start":{"line":89,"column":0},"end":{"line":89,"column":25}},"89":{"start":{"line":90,"column":0},"end":{"line":90,"column":12}},"90":{"start":{"line":91,"column":0},"end":{"line":91,"column":9}},"91":{"start":{"line":92,"column":0},"end":{"line":92,"column":40}},"92":{"start":{"line":93,"column":0},"end":{"line":93,"column":38}},"93":{"start":{"line":94,"column":0},"end":{"line":94,"column":61}},"94":{"start":{"line":95,"column":0},"end":{"line":95,"column":13}},"95":{"start":{"line":96,"column":0},"end":{"line":96,"column":17}},"96":{"start":{"line":97,"column":0},"end":{"line":97,"column":12}},"97":{"start":{"line":98,"column":0},"end":{"line":98,"column":0}},"98":{"start":{"line":99,"column":0},"end":{"line":99,"column":85}},"99":{"start":{"line":100,"column":0},"end":{"line":100,"column":39}},"100":{"start":{"line":101,"column":0},"end":{"line":101,"column":33}},"101":{"start":{"line":102,"column":0},"end":{"line":102,"column":53}},"102":{"start":{"line":103,"column":0},"end":{"line":103,"column":92}},"103":{"start":{"line":104,"column":0},"end":{"line":104,"column":0}},"104":{"start":{"line":105,"column":0},"end":{"line":105,"column":18}},"105":{"start":{"line":106,"column":0},"end":{"line":106,"column":16}},"106":{"start":{"line":107,"column":0},"end":{"line":107,"column":45}},"107":{"start":{"line":108,"column":0},"end":{"line":108,"column":22}},"108":{"start":{"line":109,"column":0},"end":{"line":109,"column":30}},"109":{"start":{"line":110,"column":0},"end":{"line":110,"column":30}},"110":{"start":{"line":111,"column":0},"end":{"line":111,"column":33}},"111":{"start":{"line":112,"column":0},"end":{"line":112,"column":32}},"112":{"start":{"line":113,"column":0},"end":{"line":113,"column":50}},"113":{"start":{"line":114,"column":0},"end":{"line":114,"column":50}},"114":{"start":{"line":115,"column":0},"end":{"line":115,"column":32}},"115":{"start":{"line":116,"column":0},"end":{"line":116,"column":40}},"116":{"start":{"line":117,"column":0},"end":{"line":117,"column":49}},"117":{"start":{"line":118,"column":0},"end":{"line":118,"column":16}},"118":{"start":{"line":119,"column":0},"end":{"line":119,"column":13}},"119":{"start":{"line":120,"column":0},"end":{"line":120,"column":27}},"120":{"start":{"line":121,"column":0},"end":{"line":121,"column":36}},"121":{"start":{"line":122,"column":0},"end":{"line":122,"column":32}},"122":{"start":{"line":123,"column":0},"end":{"line":123,"column":37}},"123":{"start":{"line":124,"column":0},"end":{"line":124,"column":23}},"124":{"start":{"line":125,"column":0},"end":{"line":125,"column":56}},"125":{"start":{"line":126,"column":0},"end":{"line":126,"column":17}},"126":{"start":{"line":127,"column":0},"end":{"line":127,"column":30}},"127":{"start":{"line":128,"column":0},"end":{"line":128,"column":28}},"128":{"start":{"line":129,"column":0},"end":{"line":129,"column":29}},"129":{"start":{"line":130,"column":0},"end":{"line":130,"column":38}},"130":{"start":{"line":131,"column":0},"end":{"line":131,"column":41}},"131":{"start":{"line":132,"column":0},"end":{"line":132,"column":32}},"132":{"start":{"line":133,"column":0},"end":{"line":133,"column":21}},"133":{"start":{"line":134,"column":0},"end":{"line":134,"column":78}},"134":{"start":{"line":135,"column":0},"end":{"line":135,"column":30}},"135":{"start":{"line":136,"column":0},"end":{"line":136,"column":31}},"136":{"start":{"line":137,"column":0},"end":{"line":137,"column":45}},"137":{"start":{"line":138,"column":0},"end":{"line":138,"column":48}},"138":{"start":{"line":139,"column":0},"end":{"line":139,"column":34}},"139":{"start":{"line":140,"column":0},"end":{"line":140,"column":35}},"140":{"start":{"line":141,"column":0},"end":{"line":141,"column":37}},"141":{"start":{"line":142,"column":0},"end":{"line":142,"column":19}},"142":{"start":{"line":143,"column":0},"end":{"line":143,"column":35}},"143":{"start":{"line":144,"column":0},"end":{"line":144,"column":23}},"144":{"start":{"line":145,"column":0},"end":{"line":145,"column":20}},"145":{"start":{"line":146,"column":0},"end":{"line":146,"column":0}},"146":{"start":{"line":147,"column":0},"end":{"line":147,"column":18}},"147":{"start":{"line":148,"column":0},"end":{"line":148,"column":24}},"148":{"start":{"line":149,"column":0},"end":{"line":149,"column":29}},"149":{"start":{"line":150,"column":0},"end":{"line":150,"column":34}},"150":{"start":{"line":151,"column":0},"end":{"line":151,"column":42}},"151":{"start":{"line":152,"column":0},"end":{"line":152,"column":25}},"152":{"start":{"line":153,"column":0},"end":{"line":153,"column":36}},"153":{"start":{"line":154,"column":0},"end":{"line":154,"column":26}},"154":{"start":{"line":155,"column":0},"end":{"line":155,"column":32}},"155":{"start":{"line":156,"column":0},"end":{"line":156,"column":18}},"156":{"start":{"line":157,"column":0},"end":{"line":157,"column":57}},"157":{"start":{"line":158,"column":0},"end":{"line":158,"column":30}},"158":{"start":{"line":159,"column":0},"end":{"line":159,"column":37}},"159":{"start":{"line":160,"column":0},"end":{"line":160,"column":46}},"160":{"start":{"line":161,"column":0},"end":{"line":161,"column":18}},"161":{"start":{"line":162,"column":0},"end":{"line":162,"column":15}},"162":{"start":{"line":163,"column":0},"end":{"line":163,"column":38}},"163":{"start":{"line":164,"column":0},"end":{"line":164,"column":22}},"164":{"start":{"line":165,"column":0},"end":{"line":165,"column":32}},"165":{"start":{"line":166,"column":0},"end":{"line":166,"column":29}},"166":{"start":{"line":167,"column":0},"end":{"line":167,"column":63}},"167":{"start":{"line":168,"column":0},"end":{"line":168,"column":28}},"168":{"start":{"line":169,"column":0},"end":{"line":169,"column":42}},"169":{"start":{"line":170,"column":0},"end":{"line":170,"column":38}},"170":{"start":{"line":171,"column":0},"end":{"line":171,"column":46}},"171":{"start":{"line":172,"column":0},"end":{"line":172,"column":56}},"172":{"start":{"line":173,"column":0},"end":{"line":173,"column":37}},"173":{"start":{"line":174,"column":0},"end":{"line":174,"column":35}},"174":{"start":{"line":175,"column":0},"end":{"line":175,"column":38}},"175":{"start":{"line":176,"column":0},"end":{"line":176,"column":62}},"176":{"start":{"line":177,"column":0},"end":{"line":177,"column":53}},"177":{"start":{"line":178,"column":0},"end":{"line":178,"column":22}},"178":{"start":{"line":179,"column":0},"end":{"line":179,"column":40}},"179":{"start":{"line":180,"column":0},"end":{"line":180,"column":94}},"180":{"start":{"line":181,"column":0},"end":{"line":181,"column":22}},"181":{"start":{"line":182,"column":0},"end":{"line":182,"column":40}},"182":{"start":{"line":183,"column":0},"end":{"line":183,"column":95}},"183":{"start":{"line":184,"column":0},"end":{"line":184,"column":22}},"184":{"start":{"line":185,"column":0},"end":{"line":185,"column":19}},"185":{"start":{"line":186,"column":0},"end":{"line":186,"column":31}},"186":{"start":{"line":187,"column":0},"end":{"line":187,"column":24}},"187":{"start":{"line":188,"column":0},"end":{"line":188,"column":19}},"188":{"start":{"line":189,"column":0},"end":{"line":189,"column":20}},"189":{"start":{"line":190,"column":0},"end":{"line":190,"column":18}},"190":{"start":{"line":191,"column":0},"end":{"line":191,"column":12}},"191":{"start":{"line":192,"column":0},"end":{"line":192,"column":11}},"192":{"start":{"line":193,"column":0},"end":{"line":193,"column":12}},"193":{"start":{"line":194,"column":0},"end":{"line":194,"column":10}},"194":{"start":{"line":195,"column":0},"end":{"line":195,"column":4}},"195":{"start":{"line":196,"column":0},"end":{"line":196,"column":1}}},"s":{"0":1,"1":1,"2":1,"3":1,"4":1,"5":1,"6":1,"7":1,"8":1,"9":1,"10":1,"11":1,"12":1,"13":1,"14":1,"15":1,"16":1,"17":1,"18":1,"19":1,"20":1,"21":1,"22":1,"23":1,"24":8,"25":8,"26":8,"27":8,"28":8,"29":8,"30":8,"31":0,"32":0,"33":8,"34":8,"35":0,"36":0,"37":0,"38":0,"39":8,"40":8,"41":1,"42":1,"43":1,"44":1,"45":1,"46":1,"47":1,"48":1,"49":1,"50":1,"51":1,"52":1,"53":1,"54":7,"55":7,"56":5,"57":10,"58":10,"59":5,"60":2,"61":8,"62":8,"63":5,"64":9,"65":9,"66":5,"67":2,"68":8,"69":8,"70":5,"71":2,"72":8,"73":8,"74":8,"75":8,"76":8,"77":8,"78":8,"79":8,"80":8,"81":8,"82":8,"83":8,"84":8,"85":8,"86":8,"87":8,"88":8,"89":8,"90":8,"91":8,"92":8,"93":7,"94":8,"95":8,"96":8,"97":8,"98":8,"99":8,"100":13,"101":13,"102":13,"103":13,"104":13,"105":13,"106":13,"107":13,"108":13,"109":13,"110":13,"111":13,"112":13,"113":13,"114":13,"115":13,"116":13,"117":13,"118":13,"119":13,"120":13,"121":13,"122":13,"123":13,"124":13,"125":13,"126":13,"127":13,"128":13,"129":13,"130":13,"131":13,"132":13,"133":13,"134":13,"135":13,"136":13,"137":13,"138":13,"139":13,"140":13,"141":13,"142":13,"143":13,"144":13,"145":13,"146":13,"147":13,"148":13,"149":13,"150":13,"151":13,"152":13,"153":13,"154":13,"155":13,"156":13,"157":13,"158":0,"159":0,"160":0,"161":13,"162":13,"163":12,"164":12,"165":12,"166":12,"167":12,"168":12,"169":12,"170":12,"171":12,"172":12,"173":12,"174":12,"175":12,"176":12,"177":12,"178":12,"179":0,"180":0,"181":12,"182":0,"183":0,"184":12,"185":12,"186":12,"187":13,"188":13,"189":13,"190":13,"191":8,"192":8,"193":8,"194":8,"195":8},"branchMap":{"0":{"type":"branch","line":25,"loc":{"start":{"line":25,"column":0},"end":{"line":196,"column":1}},"locations":[{"start":{"line":25,"column":0},"end":{"line":196,"column":1}}]},"1":{"type":"branch","line":29,"loc":{"start":{"line":29,"column":64},"end":{"line":29,"column":74}},"locations":[{"start":{"line":29,"column":64},"end":{"line":29,"column":74}}]},"2":{"type":"branch","line":41,"loc":{"start":{"line":41,"column":37},"end":{"line":54,"column":3}},"locations":[{"start":{"line":41,"column":37},"end":{"line":54,"column":3}}]},"3":{"type":"branch","line":54,"loc":{"start":{"line":54,"column":2},"end":{"line":56,"column":34}},"locations":[{"start":{"line":54,"column":2},"end":{"line":56,"column":34}}]},"4":{"type":"branch","line":56,"loc":{"start":{"line":56,"column":18},"end":{"line":60,"column":8}},"locations":[{"start":{"line":56,"column":18},"end":{"line":60,"column":8}}]},"5":{"type":"branch","line":60,"loc":{"start":{"line":60,"column":7},"end":{"line":61,"column":31}},"locations":[{"start":{"line":60,"column":7},"end":{"line":61,"column":31}}]},"6":{"type":"branch","line":63,"loc":{"start":{"line":63,"column":24},"end":{"line":67,"column":8}},"locations":[{"start":{"line":63,"column":24},"end":{"line":67,"column":8}}]},"7":{"type":"branch","line":67,"loc":{"start":{"line":67,"column":7},"end":{"line":68,"column":9}},"locations":[{"start":{"line":67,"column":7},"end":{"line":68,"column":9}}]},"8":{"type":"branch","line":70,"loc":{"start":{"line":70,"column":21},"end":{"line":71,"column":96}},"locations":[{"start":{"line":70,"column":21},"end":{"line":71,"column":96}}]},"9":{"type":"branch","line":71,"loc":{"start":{"line":71,"column":46},"end":{"line":71,"column":92}},"locations":[{"start":{"line":71,"column":46},"end":{"line":71,"column":92}}]},"10":{"type":"branch","line":71,"loc":{"start":{"line":71,"column":88},"end":{"line":71,"column":95}},"locations":[{"start":{"line":71,"column":88},"end":{"line":71,"column":95}}]},"11":{"type":"branch","line":71,"loc":{"start":{"line":71,"column":95},"end":{"line":72,"column":14}},"locations":[{"start":{"line":71,"column":95},"end":{"line":72,"column":14}}]},"12":{"type":"branch","line":81,"loc":{"start":{"line":81,"column":17},"end":{"line":81,"column":31}},"locations":[{"start":{"line":81,"column":17},"end":{"line":81,"column":31}}]},"13":{"type":"branch","line":28,"loc":{"start":{"line":28,"column":45},"end":{"line":28,"column":69}},"locations":[{"start":{"line":28,"column":45},"end":{"line":28,"column":69}}]},"14":{"type":"branch","line":29,"loc":{"start":{"line":29,"column":43},"end":{"line":29,"column":64}},"locations":[{"start":{"line":29,"column":43},"end":{"line":29,"column":64}}]},"15":{"type":"branch","line":57,"loc":{"start":{"line":57,"column":35},"end":{"line":60,"column":7}},"locations":[{"start":{"line":57,"column":35},"end":{"line":60,"column":7}}]},"16":{"type":"branch","line":58,"loc":{"start":{"line":58,"column":39},"end":{"line":58,"column":95}},"locations":[{"start":{"line":58,"column":39},"end":{"line":58,"column":95}}]},"17":{"type":"branch","line":58,"loc":{"start":{"line":58,"column":55},"end":{"line":58,"column":64}},"locations":[{"start":{"line":58,"column":55},"end":{"line":58,"column":64}}]},"18":{"type":"branch","line":64,"loc":{"start":{"line":64,"column":18},"end":{"line":67,"column":7}},"locations":[{"start":{"line":64,"column":18},"end":{"line":67,"column":7}}]},"19":{"type":"branch","line":65,"loc":{"start":{"line":65,"column":31},"end":{"line":65,"column":40}},"locations":[{"start":{"line":65,"column":31},"end":{"line":65,"column":40}}]},"20":{"type":"branch","line":66,"loc":{"start":{"line":66,"column":23},"end":{"line":66,"column":52}},"locations":[{"start":{"line":66,"column":23},"end":{"line":66,"column":52}}]},"21":{"type":"branch","line":66,"loc":{"start":{"line":66,"column":44},"end":{"line":66,"column":63}},"locations":[{"start":{"line":66,"column":44},"end":{"line":66,"column":63}}]},"22":{"type":"branch","line":93,"loc":{"start":{"line":93,"column":32},"end":{"line":94,"column":61}},"locations":[{"start":{"line":93,"column":32},"end":{"line":94,"column":61}}]},"23":{"type":"branch","line":100,"loc":{"start":{"line":100,"column":24},"end":{"line":192,"column":9}},"locations":[{"start":{"line":100,"column":24},"end":{"line":192,"column":9}}]},"24":{"type":"branch","line":102,"loc":{"start":{"line":102,"column":24},"end":{"line":102,"column":42}},"locations":[{"start":{"line":102,"column":24},"end":{"line":102,"column":42}}]},"25":{"type":"branch","line":102,"loc":{"start":{"line":102,"column":34},"end":{"line":102,"column":53}},"locations":[{"start":{"line":102,"column":34},"end":{"line":102,"column":53}}]},"26":{"type":"branch","line":103,"loc":{"start":{"line":103,"column":24},"end":{"line":103,"column":72}},"locations":[{"start":{"line":103,"column":24},"end":{"line":103,"column":72}}]},"27":{"type":"branch","line":103,"loc":{"start":{"line":103,"column":54},"end":{"line":103,"column":72}},"locations":[{"start":{"line":103,"column":54},"end":{"line":103,"column":72}}]},"28":{"type":"branch","line":103,"loc":{"start":{"line":103,"column":59},"end":{"line":103,"column":92}},"locations":[{"start":{"line":103,"column":59},"end":{"line":103,"column":92}}]},"29":{"type":"branch","line":189,"loc":{"start":{"line":189,"column":14},"end":{"line":189,"column":20}},"locations":[{"start":{"line":189,"column":14},"end":{"line":189,"column":20}}]},"30":{"type":"branch","line":189,"loc":{"start":{"line":189,"column":14},"end":{"line":189,"column":20}},"locations":[{"start":{"line":189,"column":14},"end":{"line":189,"column":20}}]},"31":{"type":"branch","line":163,"loc":{"start":{"line":163,"column":30},"end":{"line":187,"column":24}},"locations":[{"start":{"line":163,"column":30},"end":{"line":187,"column":24}}]}},"b":{"0":[8],"1":[3],"2":[1],"3":[7],"4":[5],"5":[2],"6":[5],"7":[2],"8":[5],"9":[1],"10":[4],"11":[2],"12":[2],"13":[14],"14":[9],"15":[10],"16":[18],"17":[0],"18":[9],"19":[0],"20":[8],"21":[8],"22":[7],"23":[13],"24":[10],"25":[3],"26":[10],"27":[0],"28":[3],"29":[10],"30":[3],"31":[12]},"fnMap":{"0":{"name":"BoardView","decl":{"start":{"line":25,"column":0},"end":{"line":196,"column":1}},"loc":{"start":{"line":25,"column":0},"end":{"line":196,"column":1}},"line":25},"1":{"name":"handleDragStart","decl":{"start":{"line":31,"column":26},"end":{"line":33,"column":4}},"loc":{"start":{"line":31,"column":26},"end":{"line":33,"column":4}},"line":31},"2":{"name":"handleDrop","decl":{"start":{"line":35,"column":21},"end":{"line":39,"column":4}},"loc":{"start":{"line":35,"column":21},"end":{"line":39,"column":4}},"line":35},"3":{"name":"onChange","decl":{"start":{"line":82,"column":20},"end":{"line":82,"column":65}},"loc":{"start":{"line":82,"column":20},"end":{"line":82,"column":65}},"line":82},"4":{"name":"onDragOver","decl":{"start":{"line":157,"column":28},"end":{"line":157,"column":57}},"loc":{"start":{"line":157,"column":28},"end":{"line":157,"column":57}},"line":157},"5":{"name":"onDrop","decl":{"start":{"line":158,"column":24},"end":{"line":161,"column":18}},"loc":{"start":{"line":158,"column":24},"end":{"line":161,"column":18}},"line":158},"6":{"name":"onDragStart","decl":{"start":{"line":167,"column":33},"end":{"line":167,"column":63}},"loc":{"start":{"line":167,"column":33},"end":{"line":167,"column":63}},"line":167},"7":{"name":"onMouseEnter","decl":{"start":{"line":179,"column":34},"end":{"line":181,"column":22}},"loc":{"start":{"line":179,"column":34},"end":{"line":181,"column":22}},"line":179},"8":{"name":"onMouseLeave","decl":{"start":{"line":182,"column":34},"end":{"line":184,"column":22}},"loc":{"start":{"line":182,"column":34},"end":{"line":184,"column":22}},"line":182}},"f":{"0":8,"1":0,"2":0,"3":0,"4":0,"5":0,"6":0,"7":0,"8":0}}
,"/workspaces/ps/client/src/components/CalloutExtension.ts": {"path":"/workspaces/ps/client/src/components/CalloutExtension.ts","all":false,"statementMap":{"0":{"start":{"line":1,"column":0},"end":{"line":1,"column":53}},"1":{"start":{"line":2,"column":0},"end":{"line":2,"column":0}},"2":{"start":{"line":3,"column":0},"end":{"line":3,"column":33}},"3":{"start":{"line":4,"column":0},"end":{"line":4,"column":38}},"4":{"start":{"line":5,"column":0},"end":{"line":5,"column":1}},"5":{"start":{"line":6,"column":0},"end":{"line":6,"column":0}},"6":{"start":{"line":7,"column":0},"end":{"line":7,"column":31}},"7":{"start":{"line":8,"column":0},"end":{"line":8,"column":34}},"8":{"start":{"line":9,"column":0},"end":{"line":9,"column":14}},"9":{"start":{"line":10,"column":0},"end":{"line":10,"column":35}},"10":{"start":{"line":11,"column":0},"end":{"line":11,"column":38}},"11":{"start":{"line":12,"column":0},"end":{"line":12,"column":6}},"12":{"start":{"line":13,"column":0},"end":{"line":13,"column":3}},"13":{"start":{"line":14,"column":0},"end":{"line":14,"column":1}},"14":{"start":{"line":15,"column":0},"end":{"line":15,"column":0}},"15":{"start":{"line":16,"column":0},"end":{"line":16,"column":61}},"16":{"start":{"line":17,"column":0},"end":{"line":17,"column":18}},"17":{"start":{"line":18,"column":0},"end":{"line":18,"column":0}},"18":{"start":{"line":19,"column":0},"end":{"line":19,"column":17}},"19":{"start":{"line":20,"column":0},"end":{"line":20,"column":0}},"20":{"start":{"line":21,"column":0},"end":{"line":21,"column":21}},"21":{"start":{"line":22,"column":0},"end":{"line":22,"column":0}},"22":{"start":{"line":23,"column":0},"end":{"line":23,"column":17}},"23":{"start":{"line":24,"column":0},"end":{"line":24,"column":0}},"24":{"start":{"line":25,"column":0},"end":{"line":25,"column":19}},"25":{"start":{"line":26,"column":0},"end":{"line":26,"column":12}},"26":{"start":{"line":27,"column":0},"end":{"line":27,"column":14}},"27":{"start":{"line":28,"column":0},"end":{"line":28,"column":24}},"28":{"start":{"line":29,"column":0},"end":{"line":29,"column":8}},"29":{"start":{"line":30,"column":0},"end":{"line":30,"column":6}},"30":{"start":{"line":31,"column":0},"end":{"line":31,"column":4}},"31":{"start":{"line":32,"column":0},"end":{"line":32,"column":0}},"32":{"start":{"line":33,"column":0},"end":{"line":33,"column":15}},"33":{"start":{"line":34,"column":0},"end":{"line":34,"column":42}},"34":{"start":{"line":35,"column":0},"end":{"line":35,"column":4}},"35":{"start":{"line":36,"column":0},"end":{"line":36,"column":0}},"36":{"start":{"line":37,"column":0},"end":{"line":37,"column":34}},"37":{"start":{"line":38,"column":0},"end":{"line":38,"column":206}},"38":{"start":{"line":39,"column":0},"end":{"line":39,"column":4}},"39":{"start":{"line":40,"column":0},"end":{"line":40,"column":0}},"40":{"start":{"line":41,"column":0},"end":{"line":41,"column":17}},"41":{"start":{"line":42,"column":0},"end":{"line":42,"column":12}},"42":{"start":{"line":43,"column":0},"end":{"line":43,"column":43}},"43":{"start":{"line":44,"column":0},"end":{"line":44,"column":43}},"44":{"start":{"line":45,"column":0},"end":{"line":45,"column":8}},"45":{"start":{"line":46,"column":0},"end":{"line":46,"column":46}},"46":{"start":{"line":47,"column":0},"end":{"line":47,"column":59}},"47":{"start":{"line":48,"column":0},"end":{"line":48,"column":8}},"48":{"start":{"line":49,"column":0},"end":{"line":49,"column":6}},"49":{"start":{"line":50,"column":0},"end":{"line":50,"column":4}},"50":{"start":{"line":51,"column":0},"end":{"line":51,"column":3}}},"s":{"0":1,"1":1,"2":1,"3":1,"4":1,"5":1,"6":1,"7":1,"8":1,"9":1,"10":1,"11":1,"12":1,"13":1,"14":1,"15":1,"16":1,"17":1,"18":1,"19":1,"20":1,"21":1,"22":1,"23":1,"24":1,"25":18,"26":18,"27":18,"28":18,"29":18,"30":18,"31":1,"32":1,"33":6,"34":6,"35":1,"36":1,"37":0,"38":0,"39":1,"40":1,"41":6,"42":6,"43":0,"44":0,"45":6,"46":0,"47":0,"48":6,"49":6,"50":1},"branchMap":{"0":{"type":"branch","line":25,"loc":{"start":{"line":25,"column":2},"end":{"line":31,"column":4}},"locations":[{"start":{"line":25,"column":2},"end":{"line":31,"column":4}}]},"1":{"type":"branch","line":33,"loc":{"start":{"line":33,"column":2},"end":{"line":35,"column":4}},"locations":[{"start":{"line":33,"column":2},"end":{"line":35,"column":4}}]},"2":{"type":"branch","line":41,"loc":{"start":{"line":41,"column":2},"end":{"line":50,"column":4}},"locations":[{"start":{"line":41,"column":2},"end":{"line":50,"column":4}}]}},"b":{"0":[18],"1":[6],"2":[6]},"fnMap":{"0":{"name":"addAttributes","decl":{"start":{"line":25,"column":2},"end":{"line":31,"column":4}},"loc":{"start":{"line":25,"column":2},"end":{"line":31,"column":4}},"line":25},"1":{"name":"parseHTML","decl":{"start":{"line":33,"column":2},"end":{"line":35,"column":4}},"loc":{"start":{"line":33,"column":2},"end":{"line":35,"column":4}},"line":33},"2":{"name":"renderHTML","decl":{"start":{"line":37,"column":2},"end":{"line":39,"column":4}},"loc":{"start":{"line":37,"column":2},"end":{"line":39,"column":4}},"line":37},"3":{"name":"addCommands","decl":{"start":{"line":41,"column":2},"end":{"line":50,"column":4}},"loc":{"start":{"line":41,"column":2},"end":{"line":50,"column":4}},"line":41},"4":{"name":"setCallout","decl":{"start":{"line":43,"column":18},"end":{"line":45,"column":8}},"loc":{"start":{"line":43,"column":18},"end":{"line":45,"column":8}},"line":43},"5":{"name":"toggleCallout","decl":{"start":{"line":46,"column":21},"end":{"line":48,"column":8}},"loc":{"start":{"line":46,"column":21},"end":{"line":48,"column":8}},"line":46}},"f":{"0":18,"1":6,"2":0,"3":6,"4":0,"5":0}}
,"/workspaces/ps/client/src/components/DatabaseView.tsx": {"path":"/workspaces/ps/client/src/components/DatabaseView.tsx","all":false,"statementMap":{"0":{"start":{"line":1,"column":0},"end":{"line":1,"column":74}},"1":{"start":{"line":2,"column":0},"end":{"line":2,"column":180}},"2":{"start":{"line":3,"column":0},"end":{"line":3,"column":108}},"3":{"start":{"line":4,"column":0},"end":{"line":4,"column":36}},"4":{"start":{"line":5,"column":0},"end":{"line":5,"column":42}},"5":{"start":{"line":6,"column":0},"end":{"line":6,"column":36}},"6":{"start":{"line":7,"column":0},"end":{"line":7,"column":34}},"7":{"start":{"line":8,"column":0},"end":{"line":8,"column":36}},"8":{"start":{"line":9,"column":0},"end":{"line":9,"column":40}},"9":{"start":{"line":10,"column":0},"end":{"line":10,"column":59}},"10":{"start":{"line":11,"column":0},"end":{"line":11,"column":0}},"11":{"start":{"line":12,"column":0},"end":{"line":12,"column":50}},"12":{"start":{"line":13,"column":0},"end":{"line":13,"column":0}},"13":{"start":{"line":14,"column":0},"end":{"line":14,"column":29}},"14":{"start":{"line":15,"column":0},"end":{"line":15,"column":17}},"15":{"start":{"line":16,"column":0},"end":{"line":16,"column":1}},"16":{"start":{"line":17,"column":0},"end":{"line":17,"column":0}},"17":{"start":{"line":18,"column":0},"end":{"line":18,"column":69}},"18":{"start":{"line":19,"column":0},"end":{"line":19,"column":62}},"19":{"start":{"line":20,"column":0},"end":{"line":20,"column":47}},"20":{"start":{"line":21,"column":0},"end":{"line":21,"column":58}},"21":{"start":{"line":22,"column":0},"end":{"line":22,"column":56}},"22":{"start":{"line":23,"column":0},"end":{"line":23,"column":53}},"23":{"start":{"line":24,"column":0},"end":{"line":24,"column":65}},"24":{"start":{"line":25,"column":0},"end":{"line":25,"column":54}},"25":{"start":{"line":26,"column":0},"end":{"line":26,"column":66}},"26":{"start":{"line":27,"column":0},"end":{"line":27,"column":93}},"27":{"start":{"line":28,"column":0},"end":{"line":28,"column":74}},"28":{"start":{"line":29,"column":0},"end":{"line":29,"column":0}},"29":{"start":{"line":30,"column":0},"end":{"line":30,"column":44}},"30":{"start":{"line":31,"column":0},"end":{"line":31,"column":9}},"31":{"start":{"line":32,"column":0},"end":{"line":32,"column":23}},"32":{"start":{"line":33,"column":0},"end":{"line":33,"column":50}},"33":{"start":{"line":34,"column":0},"end":{"line":34,"column":30}},"34":{"start":{"line":35,"column":0},"end":{"line":35,"column":26}},"35":{"start":{"line":36,"column":0},"end":{"line":36,"column":34}},"36":{"start":{"line":37,"column":0},"end":{"line":37,"column":9}},"37":{"start":{"line":38,"column":0},"end":{"line":38,"column":22}},"38":{"start":{"line":39,"column":0},"end":{"line":39,"column":18}},"39":{"start":{"line":40,"column":0},"end":{"line":40,"column":26}},"40":{"start":{"line":41,"column":0},"end":{"line":41,"column":21}},"41":{"start":{"line":42,"column":0},"end":{"line":42,"column":17}},"42":{"start":{"line":43,"column":0},"end":{"line":43,"column":37}},"43":{"start":{"line":44,"column":0},"end":{"line":44,"column":15}},"44":{"start":{"line":45,"column":0},"end":{"line":45,"column":24}},"45":{"start":{"line":46,"column":0},"end":{"line":46,"column":5}},"46":{"start":{"line":47,"column":0},"end":{"line":47,"column":15}},"47":{"start":{"line":48,"column":0},"end":{"line":48,"column":0}},"48":{"start":{"line":49,"column":0},"end":{"line":49,"column":19}},"49":{"start":{"line":50,"column":0},"end":{"line":50,"column":15}},"50":{"start":{"line":51,"column":0},"end":{"line":51,"column":17}},"51":{"start":{"line":52,"column":0},"end":{"line":52,"column":0}},"52":{"start":{"line":53,"column":0},"end":{"line":53,"column":36}},"53":{"start":{"line":54,"column":0},"end":{"line":54,"column":19}},"54":{"start":{"line":55,"column":0},"end":{"line":55,"column":31}},"55":{"start":{"line":56,"column":0},"end":{"line":56,"column":41}},"56":{"start":{"line":57,"column":0},"end":{"line":57,"column":5}},"57":{"start":{"line":58,"column":0},"end":{"line":58,"column":45}},"58":{"start":{"line":59,"column":0},"end":{"line":59,"column":48}},"59":{"start":{"line":60,"column":0},"end":{"line":60,"column":21}},"60":{"start":{"line":61,"column":0},"end":{"line":61,"column":67}},"61":{"start":{"line":62,"column":0},"end":{"line":62,"column":60}},"62":{"start":{"line":63,"column":0},"end":{"line":63,"column":11}},"63":{"start":{"line":64,"column":0},"end":{"line":64,"column":7}},"64":{"start":{"line":65,"column":0},"end":{"line":65,"column":12}},"65":{"start":{"line":66,"column":0},"end":{"line":66,"column":18}},"66":{"start":{"line":67,"column":0},"end":{"line":67,"column":33}},"67":{"start":{"line":68,"column":0},"end":{"line":68,"column":43}},"68":{"start":{"line":69,"column":0},"end":{"line":69,"column":7}},"69":{"start":{"line":70,"column":0},"end":{"line":70,"column":6}},"70":{"start":{"line":71,"column":0},"end":{"line":71,"column":41}},"71":{"start":{"line":72,"column":0},"end":{"line":72,"column":0}},"72":{"start":{"line":73,"column":0},"end":{"line":73,"column":97}},"73":{"start":{"line":74,"column":0},"end":{"line":74,"column":0}},"74":{"start":{"line":75,"col
[...]
e":83,"column":0},"end":{"line":83,"column":22}},"83":{"start":{"line":84,"column":0},"end":{"line":84,"column":56}},"84":{"start":{"line":85,"column":0},"end":{"line":85,"column":33}},"85":{"start":{"line":86,"column":0},"end":{"line":86,"column":19}},"86":{"start":{"line":87,"column":0},"end":{"line":87,"column":18}},"87":{"start":{"line":88,"column":0},"end":{"line":88,"column":25}},"88":{"start":{"line":89,"column":0},"end":{"line":89,"column":0}},"89":{"start":{"line":90,"column":0},"end":{"line":90,"column":62}},"90":{"start":{"line":91,"column":0},"end":{"line":91,"column":25}},"91":{"start":{"line":92,"column":0},"end":{"line":92,"column":0}},"92":{"start":{"line":93,"column":0},"end":{"line":93,"column":55}},"93":{"start":{"line":94,"column":0},"end":{"line":94,"column":0}},"94":{"start":{"line":95,"column":0},"end":{"line":95,"column":35}},"95":{"start":{"line":96,"column":0},"end":{"line":96,"column":54}},"96":{"start":{"line":97,"column":0},"end":{"line":97,"column":54}},"97":{"start":{"line":98,"column":0},"end":{"line":98,"column":0}},"98":{"start":{"line":99,"column":0},"end":{"line":99,"column":54}},"99":{"start":{"line":100,"column":0},"end":{"line":100,"column":55}},"100":{"start":{"line":101,"column":0},"end":{"line":101,"column":0}},"101":{"start":{"line":102,"column":0},"end":{"line":102,"column":20}},"102":{"start":{"line":103,"column":0},"end":{"line":103,"column":0}},"103":{"start":{"line":104,"column":0},"end":{"line":104,"column":24}},"104":{"start":{"line":105,"column":0},"end":{"line":105,"column":22}},"105":{"start":{"line":106,"column":0},"end":{"line":106,"column":42}},"106":{"start":{"line":107,"column":0},"end":{"line":107,"column":14}},"107":{"start":{"line":108,"column":0},"end":{"line":108,"column":7}},"108":{"start":{"line":109,"column":0},"end":{"line":109,"column":22}},"109":{"start":{"line":110,"column":0},"end":{"line":110,"column":59}},"110":{"start":{"line":111,"column":0},"end":{"line":111,"column":59}},"111":{"start":{"line":112,"column":0},"end":{"line":112,"column":84}},"112":{"start":{"line":113,"column":0},"end":{"line":113,"column":84}},"113":{"start":{"line":114,"column":0},"end":{"line":114,"column":43}},"114":{"start":{"line":115,"column":0},"end":{"line":115,"column":14}},"115":{"start":{"line":116,"column":0},"end":{"line":116,"column":7}},"116":{"start":{"line":117,"column":0},"end":{"line":117,"column":24}},"117":{"start":{"line":118,"column":0},"end":{"line":118,"column":46}},"118":{"start":{"line":119,"column":0},"end":{"line":119,"column":14}},"119":{"start":{"line":120,"column":0},"end":{"line":120,"column":7}},"120":{"start":{"line":121,"column":0},"end":{"line":121,"column":20}},"121":{"start":{"line":122,"column":0},"end":{"line":122,"column":55}},"122":{"start":{"line":123,"column":0},"end":{"line":123,"column":14}},"123":{"start":{"line":124,"column":0},"end":{"line":124,"column":7}},"124":{"start":{"line":125,"column":0},"end":{"line":125,"column":16}},"125":{"start":{"line":126,"column":0},"end":{"line":126,"column":83}},"126":{"start":{"line":127,"column":0},"end":{"line":127,"column":14}},"127":{"start":{"line":128,"column":0},"end":{"line":128,"column":7}},"128":{"start":{"line":129,"column":0},"end":{"line":129,"column":5}},"129":{"start":{"line":130,"column":0},"end":{"line":130,"column":0}},"130":{"start":{"line":131,"column":0},"end":{"line":131,"column":27}},"131":{"start":{"line":132,"column":0},"end":{"line":132,"column":5}},"132":{"start":{"line":133,"column":0},"end":{"line":133,"column":1}}},"s":{"0":1,"1":1,"2":1,"3":41,"4":41,"5":41,"6":41,"7":41,"8":41,"9":17,"10":17,"11":68,"12":70,"13":70,"14":66,"15":70,"16":70,"17":70,"18":70,"19":70,"20":70,"21":16,"22":16,"23":16,"24":16,"25":0,"26":0,"27":70,"28":12,"29":12,"30":12,"31":12,"32":12,"33":12,"34":12,"35":12,"36":12,"37":12,"38":12,"39":70,"40":12,"41":12,"42":12,"43":12,"44":12,"45":12,"46":12,"47":70,"48":8,"49":8,"50":8,"51":8,"52":8,"53":8,"54":8,"55":8,"56":70,"57":10,"58":10,"59":10,"60":10,"61":10,"62":10,"63":10,"64":70,"65":8,"66":8,"67":8,"68":8,"69":8,"70":8,"71":8,"72":8,"73":8,"74":70,"75":0,"76":70,"77":68,"78":17,"79":17,"80":1,"81":1,"82":32,"83":32,"84":32,"85":32,"86":32,"87":32,"88":8,"89":8,"90":9,"91":8,"92":32,"93":32,"94":32,"95":40,"96":40,"97":40,"98":40,"99":40,"100":37,"101":37,"102":37,"103":37,"104":40,"105":11,"106":11,"107":11,"108":40,"109":6,"110":6,"111":6,"112":6,"113":6,"114":6,"115":6,"116":40,"117":5,"118":5,"119":5,"120":40,"121":6,"122":6,"123":6,"124":40,"125":9,"126":9,"127":9,"128":40,"129":37,"130":37,"131":32,"132":32},"branchMap":{"0":{"type":"branch","line":3,"loc":{"start":{"line":3,"column":7},"end":{"line":80,"column":1}},"locations":[{"start":{"line":3,"column":7},"end":{"line":80,"column":1}}]},"1":{"type":"branch","line":9,"loc":{"start":{"line":9,"column":28},"end":{"line":9,"column":40}},"locations":[{"start":{"line":9,"column":28},"end":{"line":9,"column":40}}]},"2":{"type":"branch","line":9,"loc":{"start":{"line":9,"column":35},"end":{"line":80,"column":1}},"locations":[{"start":{"line":9,"column":35},"end":{"line":80,"column":1}}]},"3":{"type":"branch","line":11,"loc":{"start":{"line":11,"column":21},"end":{"line":79,"column":3}},"locations":[{"start":{"line":11,"column":21},"end":{"line":79,"column":3}}]},"4":{"type":"branch","line":12,"loc":{"start":{"line":12,"column":25},"end":{"line":78,"column":5}},"locations":[{"start":{"line":12,"column":25},"end":{"line":78,"column":5}}]},"5":{"type":"branch","line":14,"loc":{"start":{"line":14,"column":17},"end":{"line":14,"column":29}},"locations":[{"start":{"line":14,"column":17},"end":{"line":14,"column":29}}]},"6":{"type":"branch","line":14,"loc":{"start":{"line":14,"column":24},"end":{"line":16,"column":42}},"locations":[{"start":{"line":14,"column":24},"end":{"line":16,"column":42}}]},"7":{"type":"branch","line":16,"loc":{"start":{"line":16,"column":37},"end":{"line":16,"column":46}},"locations":[{"start":{"line":16,"column":37},"end":{"line":16,"column":46}}]},"8":{"type":"branch","line":17,"loc":{"start":{"line":17,"column":34},"end":{"line":17,"column":58}},"locations":[{"start":{"line":17,"column":34},"end":{"line":17,"column":58}}]},"9":{"type":"branch","line":17,"loc":{"start":{"line":17,"column":46},"end":{"line":17,"column":63}},"locations":[{"start":{"line":17,"column":46},"end":{"line":17,"column":63}}]},"10":{"type":"branch","line":20,"loc":{"start":{"line":20,"column":8},"end":{"line":20,"column":20}},"locations":[{"start":{"line":20,"column":8},"end":{"line":20,"column":20}}]},"11":{"type":"branch","line":21,"loc":{"start":{"line":21,"column":8},"end":{"line":27,"column":9}},"locations":[{"start":{"line":21,"column":8},"end":{"line":27,"column":9}}]},"12":{"type":"branch","line":23,"loc":{"start":{"line":23,"column":67},"end":{"line":23,"column":74}},"locations":[{"start":{"line":23,"column":67},"end":{"line":23,"column":74}}]},"13":{"type":"branch","line":24,"loc":{"start":{"line":24,"column":46},"end":{"line":24,"column":57}},"locations":[{"start":{"line":24,"column":46},"end":{"line":24,"column":57}}]},"14":{"type":"branch","line":25,"loc":{"start":{"line":25,"column":10},"end":{"line":27,"column":9}},"locations":[{"start":{"line":25,"column":10},"end":{"line":27,"column":9}}]},"15":{"type":"branch","line":28,"loc":{"start":{"line":28,"column":8},"end":{"line":39,"column":9}},"locations":[{"start":{"line":28,"column":8},"end":{"line":39,"column":9}}]},"16":{"type":"branch","line":29,"loc":{"start":{"line":29,"column":51},"end":{"line":29,"column":60}},"locations":[{"start":{"line":29,"column":51},"end":{"line":29,"column":60}}]},"17":{"type":"branch","line":30,"loc":{"start":{"line":30,"column":124},"end":{"line":30,"column":133}},"locations":[{"start":{"line":30,"column":124},"end":{"line":30,"column":133}}]},"18":{"type":"branch","line":31,"loc":{"start":{"line":31,"column":34},"end":{"line":31,"column":46}},"locations":[{"start":{"line":31,"column":34},"end":{"line":31,"column":46}}]},"19":{"type":"branch","line":32,"loc":{"start":{"line":32,"column":28},"end":{"line":32,"column":41}},"locations":[{"start":{"line":32,"column":28},"end":{"line":32,"column":41}}]},"20":{"type":"branch","line":34,"loc":{"start":{"line":34,"column":12},"end":{"line":34,"column":52}},"locations":[{"start":{"line":34,"column":12},"end":{"line":34,"column":52}}]},"21":{"type":"branch","line":35,"loc":{"start":{"line":35,"column":12},"end":{"line":35,"column":56}},"locations":[{"start":{"line":35,"column":12},"end":{"line":35,"column":56}}]},"22":{"type":"branch","line":36,"loc":{"start":{"line":36,"column":12},"end":{"line":36,"column":53}},"locations":[{"start":{"line":36,"column":12},"end":{"line":36,"column":53}}]},"23":{"type":"branch","line":37,"loc":{"start":{"line":37,"column":12},"end":{"line":37,"column":33}},"locations":[{"start":{"line":37,"column":12},"end":{"line":37,"column":33}}]},"24":{"type":"branch","line":40,"loc":{"start":{"line":40,"column":8},"end":{"line":47,"column":9}},"locations":[{"start":{"line":40,"column":8},"end":{"line":47,"column":9}}]},"25":{"type":"branch","line":41,"loc":{"start":{"line":41,"column":56},"end":{"line":41,"column":63}},"locations":[{"start":{"line":41,"column":56},"end":{"line":41,"column":63}}]},"26":{"type":"branch","line":43,"loc":{"start":{"line":43,"column":12},"end":{"line":43,"column":56}},"locations":[{"start":{"line":43,"column":12},"end":{"line":43,"column":56}}]},"27":{"type":"branch","line":44,"loc":{"start":{"line":44,"column":12},"end":{"line":44,"column":60}},"locations":[{"start":{"line":44,"column":12},"end":{"line":44,"column":60}}]},"28":{"type":"branch","line":45,"loc":{"start":{"line":45,"column":12},"end":{"line":45,"column":33}},"locations":[{"start":{"line":45,"column":12},"end":{"line":45,"column":33}}]},"29":{"type":"branch","line":48,"loc":{"start":{"line":48,"column":8},"end":{"line":56,"column":9}},"locations":[{"start":{"line":48,"column":8},"end":{"line":56,"column":9}}]},"30":{"type":"branch","line":49,"loc":{"start":{"line":49,"column":50},"end":{"line":49,"column":61}},"locations":[{"start":{"line":49,"column":50},"end":{"line":49,"column":61}}]},"31":{"type":"branch","line":50,"loc":{"start":{"line":50,"column":42},"end":{"line":50,"column":53}},"locations":[{"start":{"line":50,"column":42},"end":{"line":50,"column":53}}]},"32":{"type":"branch","line":52,"loc":{"start":{"line":52,"column":12},"end":{"line":52,"column":65}},"locations":[{"start":{"line":52,"column":12},"end":{"line":52,"column":65}}]},"33":{"type":"branch","line":53,"loc":{"start":{"line":53,"column":12},"end":{"line":53,"column":74}},"locations":[{"start":{"line":53,"column":12},"end":{"line":53,"column":74}}]},"34":{"type":"branch","line":54,"loc":{"start":{"line":54,"column":12},"end":{"line":54,"column":33}},"locations":[{"start":{"line":54,"column":12},"end":{"line":54,"column":33}}]},"35":{"type":"branch","line":57,"loc":{"start":{"line":57,"column":8},"end":{"line":64,"column":9}},"locations":[{"start":{"line":57,"column":8},"end":{"line":64,"column":9}}]},"36":{"type":"branch","line":58,"loc":{"start":{"line":58,"column":36},"end":{"line":58,"column":59}},"locations":[{"start":{"line":58,"column":36},"end":{"line":58,"column":59}}]},"37":{"type":"branch","line":58,"loc":{"start":{"line":58,"column":54},"end":{"line":58,"column":76}},"locations":[{"start":{"line":58,"column":54},"end":{"line":58,"column":76}}]},"38":{"type":"branch","line":60,"loc":{"start":{"line":60,"column":12},"end":{"line":60,"column":55}},"locations":[{"start":{"line":60,"column":12},"end":{"line":60,"column":55}}]},"39":{"type":"branch","line":61,"loc":{"start":{"line":61,"column":12},"end":{"line":61,"column":60}},"locations":[{"start":{"line":61,"column":12},"end":{"line":61,"column":60}}]},"40":{"type":"branch","line":62,"loc":{"start":{"line":62,"column":12},"end":{"line":62,"column":33}},"locations":[{"start":{"line":62,"column":12},"end":{"line":62,"column":33}}]},"41":{"type":"branch","line":65,"loc":{"start":{"line":65,"column":8},"end":{"line":74,"column":9}},"locations":[{"start":{"line":65,"column":8},"end":{"line":74,"column":9}}]},"42":{"type":"branch","line":66,"loc":{"start":{"line":66,"column":55},"end":{"line":66,"column":64}},"locations":[{"start":{"line":66,"column":55},"end":{"line":66,"column":64}}]},"43":{"type":"branch","line":67,"loc":{"start":{"line":67,"column":63},"end":{"line":67,"column":72}},"locations":[{"start":{"line":67,"column":63},"end":{"line":67,"column":72}}]},"44":{"type":"branch","line":68,"loc":{"start":{"line":68,"column":39},"end":{"line":68,"column":51}},"locations":[{"start":{"line":68,"column":39},"end":{"line":68,"column":51}}]},"45":{"type":"branch","line":70,"loc":{"start":{"line":70,"column":12},"end":{"line":70,"column":55}},"locations":[{"start":{"line":70,"column":12},"end":{"line":70,"column":55}}]},"46":{"type":"branch","line":71,"loc":{"start":{"line":71,"column":12},"end":{"line":71,"column":54}},"locations":[{"start":{"line":71,"column":12},"end":{"line":71,"column":54}}]},"47":{"type":"branch","line":72,"loc":{"start":{"line":72,"column":12},"end":{"line":72,"column":33}},"locations":[{"start":{"line":72,"column":12},"end":{"line":72,"column":33}}]},"48":{"type":"branch","line":75,"loc":{"start":{"line":75,"column":8},"end":{"line":76,"column":22}},"locations":[{"start":{"line":75,"column":8},"end":{"line":76,"column":22}}]},"49":{"type":"branch","line":13,"loc":{"start":{"line":13,"column":35},"end":{"line":13,"column":66}},"locations":[{"start":{"line":13,"column":35},"end":{"line":13,"column":66}}]},"50":{"type":"branch","line":82,"loc":{"start":{"line":82,"column":7},"end":{"line":133,"column":1}},"locations":[{"start":{"line":82,"column":7},"end":{"line":133,"column":1}}]},"51":{"type":"branch","line":88,"loc":{"start":{"line":88,"column":13},"end":{"line":88,"column":25}},"locations":[{"start":{"line":88,"column":13},"end":{"line":88,"column":25}}]},"52":{"type":"branch","line":88,"loc":{"start":{"line":88,"column":20},"end":{"line":93,"column":53}},"locations":[{"start":{"line":88,"column":20},"end":{"line":93,"column":53}}]},"53":{"type":"branch","line":88,"loc":{"start":{"line":88,"column":20},"end":{"line":91,"column":20}},"locations":[{"start":{"line":88,"column":20},"end":{"line":91,"column":20}}]},"54":{"type":"branch","line":91,"loc":{"start":{"line":91,"column":13},"end":{"line":91,"column":25}},"locations":[{"start":{"line":91,"column":13},"end":{"line":91,"column":25}}]},"55":{"type":"branch","line":91,"loc":{"start":{"line":91,"column":20},"end":{"line":93,"column":48}},"locations":[{"start":{"line":91,"column":20},"end":{"line":93,"column":48}}]},"56":{"type":"branch","line":93,"loc":{"start":{"line":93,"column":39},"end":{"line":93,"column":53}},"locations":[{"start":{"line":93,"column":39},"end":{"line":93,"column":53}}]},"57":{"type":"branch","line":93,"loc":{"start":{"line":93,"column":48},"end":{"line":93,"column":55}},"locations":[{"start":{"line":93,"column":48},"end":{"line":93,"column":55}}]},"58":{"type":"branch","line":90,"loc":{"start":{"line":90,"column":31},"end":{"line":90,"column":60}},"locations":[{"start":{"line":90,"column":31},"end":{"line":90,"column":60}}]},"59":{"type":"branch","line":95,"loc":{"start":{"line":95,"column":24},"end":{"line":132,"column":3}},"locations":[{"start":{"line":95,"column":24},"end":{"line":132,"column":3}}]},"60":{"type":"branch","line":96,"loc":{"start":{"line":96,"column":28},"end":{"line":96,"column":37}},"locations":[{"start":{"line":96,"column":28},"end":{"line":96,"column":37}}]},"61":{"type":"branch","line":97,"loc":{"start":{"line":97,"column":28},"end":{"line":97,"column":37}},"locations":[{"start":{"line":97,"column":28},"end":{"line":97,"column":37}}]},"62":{"type":"branch","line":99,"loc":{"start":{"line":99,"column":45},"end":{"line":99,"column":54}},"locations":[{"start":{"line":99,"column":45},"end":{"line":99,"column":54}}]},"63":{"type":"branch","line":100,"loc":{"start":{"line":100,"column":45},"end":{"line":100,"column":55}},"locations":[{"start":{"line":100,"column":45},"end":{"line":100,"column":55}}]},"64":{"type":"branch","line":100,"loc":{"start":{"line":100,"column":52},"end":{"line":104,"column":24}},"locations":[{"start":{"line":100,"column":52},"end":{"line":104,"column":24}}]},"65":{"type":"branch","line":105,"loc":{"start":{"line":105,"column":6},"end":{"line":108,"column":7}},"locations":[{"start":{"line":105,"column":6},"end":{"line":108,"column":7}}]},"66":{"type":"branch","line":109,"loc":{"start":{"line":109,"column":6},"end":{"line":116,"column":7}},"locations":[{"start":{"line":109,"column":6},"end":{"line":116,"column":7}}]},"67":{"type":"branch","line":112,"loc":{"start":{"line":112,"column":53},"end":{"line":112,"column":84}},"locations":[{"start":{"line":112,"column":53},"end":{"line":112,"column":84}}]},"68":{"type":"branch","line":113,"loc":{"start":{"line":113,"column":53},"end":{"line":113,"column":84}},"locations":[{"start":{"line":113,"column":53},"end":{"line":113,"column":84}}]},"69":{"type":"branch","line":117,"loc":{"start":{"line":117,"column":6},"end":{"line":120,"column":7}},"locations":[{"start":{"line":117,"column":6},"end":{"line":120,"column":7}}]},"70":{"type":"branch","line":118,"loc":{"start":{"line":118,"column":15},"end":{"line":118,"column":26}},"locations":[{"start":{"line":118,"column":15},"end":{"line":118,"column":26}}]},"71":{"type":"branch","line":118,"loc":{"start":{"line":118,"column":22},"end":{"line":118,"column":32}},"locations":[{"start":{"line":118,"column":22},"end":{"line":118,"column":32}}]},"72":{"type":"branch","line":118,"loc":{"start":{"line":118,"column":32},"end":{"line":118,"column":43}},"locations":[{"start":{"line":118,"column":32},"end":{"line":118,"column":43}}]},"73":{"type":"branch","line":118,"loc":{"start":{"line":118,"column":39},"end":{"line":118,"column":46}},"locations":[{"start":{"line":118,"column":39},"end":{"line":118,"column":46}}]},"74":{"type":"branch","line":121,"loc":{"start":{"line":121,"column":6},"end":{"line":124,"column":7}},"locations":[{"start":{"line":121,"column":6},"end":{"line":124,"column":7}}]},"75":{"type":"branch","line":125,"loc":{"start":{"line":125,"column":6},"end":{"line":128,"column":7}},"locations":[{"start":{"line":125,"column":6},"end":{"line":128,"column":7}}]},"76":{"type":"branch","line":129,"loc":{"start":{"line":129,"column":4},"end":{"line":131,"column":27}},"locations":[{"start":{"line":129,"column":4},"end":{"line":131,"column":27}}]},"77":{"type":"branch","line":110,"loc":{"start":{"line":110,"column":39},"end":{"line":110,"column":57}},"locations":[{"start":{"line":110,"column":39},"end":{"line":110,"column":57}}]},"78":{"type":"branch","line":111,"loc":{"start":{"line":111,"column":39},"end":{"line":111,"column":57}},"locations":[{"start":{"line":111,"column":39},"end":{"line":111,"column":57}}]}},"b":{"0":[41],"1":[24],"2":[17],"3":[68],"4":[70],"5":[4],"6":[66],"7":[0],"8":[66],"9":[0],"10":[12],"11":[16],"12":[0],"13":[0],"14":[0],"15":[12],"16":[0],"17":[0],"18":[0],"19":[0],"20":[4],"21":[4],"22":[4],"23":[0],"24":[12],"25":[0],"26":[8],"27":[4],"28":[0],"29":[8],"30":[0],"31":[0],"32":[4],"33":[4],"34":[0],"35":[10],"36":[4],"37":[4],"38":[6],"39":[4],"40":[0],"41":[8],"42":[0],"43":[0],"44":[0],"45":[4],"46":[4],"47":[0],"48":[0],"49":[258],"50":[32],"51":[24],"52":[9],"53":[8],"54":[0],"55":[8],"56":[2],"57":[6],"58":[21],"59":[40],"60":[0],"61":[0],"62":[0],"63":[3],"64":[37],"65":[11],"66":[6],"67":[0],"68":[0],"69":[5],"70":[2],"71":[3],"72":[3],"73":[2],"74":[6],"75":[9],"76":[37],"77":[9],"78":[9]},"fnMap":{"0":{"name":"filterRows","decl":{"start":{"line":3,"column":7},"end":{"line":80,"column":1}},"loc":{"start":{"line":3,"column":7},"end":{"line":80,"column":1}},"line":3},"1":{"name":"sortRows","decl":{"start":{"line":82,"column":7},"end":{"line":133,"column":1}},"loc":{"start":{"line":82,"column":7},"end":{"line":133,"column":1}},"line":82}},"f":{"0":41,"1":32}}
}
